TN:
SF:/Users/admin/Desktop/credit_rail/contracts/lib/forge-std/src/Base.sol
DA:1,0
DA:40,842
end_of_record

SF:/Users/admin/Desktop/credit_rail/contracts/lib/forge-std/src/StdAssertions.sol
DA:8,3
DA:36,12
DA:40,1
DA:41,3
DA:42,0
DA:44,44
DA:100,6
DA:101,5
DA:102,0
end_of_record

SF:/Users/admin/Desktop/credit_rail/contracts/lib/forge-std/src/StdChains.sol
DA:67,24
end_of_record

SF:/Users/admin/Desktop/credit_rail/contracts/lib/forge-std/src/StdCheats.sol
DA:11,27
DA:545,19
DA:546,101
DA:547,33
end_of_record

SF:/Users/admin/Desktop/credit_rail/contracts/lib/forge-std/src/StdConstants.sol
DA:7,0
end_of_record

SF:/Users/admin/Desktop/credit_rail/contracts/lib/forge-std/src/StdError.sol
DA:5,0
DA:6,0
DA:7,0
DA:8,0
DA:9,0
DA:10,0
DA:11,0
DA:12,0
DA:13,0
DA:14,0
end_of_record

SF:/Users/admin/Desktop/credit_rail/contracts/lib/forge-std/src/StdInvariant.sol
DA:65,3
DA:69,3
DA:84,2
DA:88,1
DA:92,2
DA:96,2
DA:100,2
DA:104,2
DA:108,1
DA:112,2
DA:116,1
DA:120,2
end_of_record

SF:/Users/admin/Desktop/credit_rail/contracts/lib/forge-std/src/StdJson.sol
DA:25,0
end_of_record

SF:/Users/admin/Desktop/credit_rail/contracts/lib/forge-std/src/StdMath.sol
DA:4,0
end_of_record

SF:/Users/admin/Desktop/credit_rail/contracts/lib/forge-std/src/StdStorage.sol
DA:24,0
DA:334,0
end_of_record

SF:/Users/admin/Desktop/credit_rail/contracts/lib/forge-std/src/StdStyle.sol
DA:6,0
end_of_record

SF:/Users/admin/Desktop/credit_rail/contracts/lib/forge-std/src/StdToml.sol
DA:25,0
end_of_record

SF:/Users/admin/Desktop/credit_rail/contracts/lib/forge-std/src/StdUtils.sol
DA:16,2
DA:31,5
DA:32,4
DA:35,27
DA:37,8
DA:41,27
DA:42,21
DA:45,8
DA:46,9
DA:47,4
DA:48,10
DA:49,6
DA:50,16
DA:51,10
DA:52,2
DA:53,5
DA:54,6
DA:58,11
DA:59,14
DA:191,8
DA:202,45
end_of_record

SF:/Users/admin/Desktop/credit_rail/contracts/lib/forge-std/src/Test.sol
DA:33,6
end_of_record

SF:/Users/admin/Desktop/credit_rail/contracts/lib/forge-std/src/Vm.sol
end_of_record

SF:/Users/admin/Desktop/credit_rail/contracts/lib/forge-std/src/console.sol
DA:4,0
end_of_record

SF:/Users/admin/Desktop/credit_rail/contracts/lib/forge-std/src/console2.sol
end_of_record

SF:/Users/admin/Desktop/credit_rail/contracts/lib/forge-std/src/interfaces/IMulticall3.sol
end_of_record

SF:/Users/admin/Desktop/credit_rail/contracts/lib/forge-std/src/safeconsole.sol
DA:6,0
end_of_record

SF:/Users/admin/Desktop/credit_rail/contracts/lib/openzeppelin-contracts/contracts/access/Ownable.sol
DA:39,3
DA:40,0
DA:48,45
DA:57,1
DA:63,2
DA:64,3
DA:65,0
DA:85,0
DA:86,0
DA:98,3
end_of_record

SF:/Users/admin/Desktop/credit_rail/contracts/lib/openzeppelin-contracts/contracts/interfaces/IERC1363.sol
end_of_record

SF:/Users/admin/Desktop/credit_rail/contracts/lib/openzeppelin-contracts/contracts/interfaces/IERC165.sol
end_of_record

SF:/Users/admin/Desktop/credit_rail/contracts/lib/openzeppelin-contracts/contracts/interfaces/IERC20.sol
end_of_record

SF:/Users/admin/Desktop/credit_rail/contracts/lib/openzeppelin-contracts/contracts/interfaces/draft-IERC6093.sol
end_of_record

SF:/Users/admin/Desktop/credit_rail/contracts/lib/openzeppelin-contracts/contracts/mocks/token/ERC20Mock.sol
DA:6,544
end_of_record

SF:/Users/admin/Desktop/credit_rail/contracts/lib/openzeppelin-contracts/contracts/token/ERC20/ERC20.sol
DA:45,4
DA:53,0
DA:78,0
DA:83,0
DA:101,4
DA:145,7
DA:159,2
DA:160,13
DA:163,4
DA:179,2
DA:182,5
DA:183,0
DA:194,0
DA:203,2
DA:215,4
DA:216,0
DA:230,0
DA:231,0
DA:274,7
DA:275,0
DA:277,7
DA:278,0
DA:282,3
DA:296,8
DA:297,5
DA:298,0
end_of_record

SF:/Users/admin/Desktop/credit_rail/contracts/lib/openzeppelin-contracts/contracts/token/ERC20/IERC20.sol
end_of_record

SF:/Users/admin/Desktop/credit_rail/contracts/lib/openzeppelin-contracts/contracts/token/ERC20/extensions/IERC20Metadata.sol
end_of_record

SF:/Users/admin/Desktop/credit_rail/contracts/lib/openzeppelin-contracts/contracts/token/ERC20/utils/SafeERC20.sol
DA:18,0
DA:33,5
DA:34,4
DA:35,0
DA:43,5
DA:44,4
DA:45,0
DA:177,4
DA:179,25
DA:221,38
end_of_record

SF:/Users/admin/Desktop/credit_rail/contracts/lib/openzeppelin-contracts/contracts/utils/Context.sol
DA:18,9
end_of_record

SF:/Users/admin/Desktop/credit_rail/contracts/lib/openzeppelin-contracts/contracts/utils/ReentrancyGuard.sol
DA:37,1
DA:51,2
DA:69,9
DA:89,2
DA:90,0
DA:94,2
DA:113,1
end_of_record

SF:/Users/admin/Desktop/credit_rail/contracts/lib/openzeppelin-contracts/contracts/utils/StorageSlot.sol
DA:34,0
end_of_record

SF:/Users/admin/Desktop/credit_rail/contracts/lib/openzeppelin-contracts/contracts/utils/introspection/IERC165.sol
end_of_record

SF:/Users/admin/Desktop/credit_rail/contracts/src/CreditPolicy.sol
DA:10,1769
DA:27,42
DA:32,2
DA:33,5
DA:37,35
DA:41,4
DA:42,12
DA:43,0
DA:47,40
DA:51,2
DA:52,4
DA:65,1
DA:81,0
DA:93,0
DA:111,0
DA:112,0
DA:113,2
DA:123,0
DA:139,0
DA:152,0
DA:157,0
DA:158,0
DA:160,0
DA:161,0
DA:162,0
DA:163,0
DA:164,0
DA:165,0
DA:204,2
DA:212,4
DA:213,0
DA:215,2
DA:216,0
DA:220,1
DA:221,2
DA:222,2
DA:228,4
DA:229,0
DA:231,3
DA:232,0
DA:234,2
DA:235,35
DA:236,2
DA:237,2
DA:238,2
DA:239,2
DA:240,2
DA:242,0
DA:244,4
DA:245,0
DA:249,2
DA:250,2
DA:256,0
DA:257,0
DA:258,0
DA:268,2
DA:269,2
DA:270,1
DA:271,2
DA:281,1
DA:282,2
DA:283,1
DA:284,2
DA:294,1
DA:295,2
DA:296,1
DA:297,2
DA:307,1
DA:308,2
DA:309,1
DA:310,2
DA:320,1
DA:321,2
DA:322,1
DA:323,2
DA:334,6
DA:335,0
DA:337,2
DA:339,8
DA:342,1
DA:343,2
DA:344,2
DA:354,0
DA:355,0
DA:357,0
DA:358,0
DA:359,0
DA:366,0
DA:367,0
DA:369,0
DA:370,0
DA:371,0
DA:382,1
DA:383,1
DA:384,2
DA:386,5
DA:390,0
DA:391,0
DA:395,0
DA:401,0
DA:416,4
DA:417,0
DA:420,3
DA:431,1
end_of_record

SF:/Users/admin/Desktop/credit_rail/contracts/src/LoanEngine.sol
DA:12,2303
DA:56,5
DA:57,0
DA:67,0
DA:68,0
DA:78,5
DA:79,0
DA:89,4
DA:90,0
DA:98,0
DA:99,0
DA:100,0
DA:102,0
DA:105,0
DA:108,0
DA:110,0
DA:111,1
DA:112,1
DA:113,0
DA:114,0
DA:200,5
DA:202,1
DA:203,1
DA:204,1
DA:205,1
DA:227,9
DA:228,0
DA:231,36
DA:232,0
DA:235,36
DA:236,0
DA:239,36
DA:240,0
DA:243,5
DA:244,0
DA:247,47
DA:248,0
DA:251,2
DA:252,41
DA:253,40
DA:255,0
DA:258,23
DA:259,0
DA:267,7
DA:268,0
DA:275,37
DA:276,0
DA:279,89
DA:303,2
DA:308,1
DA:332,7
DA:333,0
DA:335,6
DA:336,9
DA:337,3
DA:338,13
DA:339,1
DA:341,5
DA:342,4
DA:346,43
DA:347,0
DA:350,10
DA:351,37
DA:358,3
DA:360,3
DA:362,4
DA:383,8
DA:384,0
DA:387,4
DA:388,5
DA:389,0
DA:392,7
DA:395,1
DA:397,3
DA:398,4
DA:402,2
DA:403,18
DA:408,6
DA:409,6
DA:411,15
DA:416,4
DA:417,7
DA:418,5
DA:420,9
DA:421,2
DA:423,7
DA:427,33
DA:429,4
DA:433,2
DA:436,6
DA:437,2
DA:447,6
DA:448,0
DA:450,5
DA:452,3
DA:458,7
DA:459,0
DA:461,4
DA:462,3
DA:463,5
DA:464,0
DA:470,31
DA:471,3
DA:480,0
DA:481,0
DA:483,0
DA:484,0
DA:486,0
DA:487,0
DA:489,0
DA:490,0
DA:492,0
DA:493,0
DA:496,3
DA:498,3
DA:499,8
DA:500,0
DA:502,12
DA:503,7
DA:505,0
DA:508,9
DA:509,4
DA:510,1
DA:512,8
DA:513,7
DA:514,2
DA:515,9
DA:516,4
DA:518,6
DA:519,3
DA:520,26
DA:534,1
DA:541,2
DA:548,3
DA:555,2
DA:562,2
DA:570,1
end_of_record

SF:/Users/admin/Desktop/credit_rail/contracts/src/TranchePool.sol
DA:7,2013
DA:102,0
DA:103,0
DA:106,0
DA:108,0
DA:122,0
DA:127,1
DA:133,1
DA:134,0
DA:138,0
DA:139,0
DA:142,0
DA:143,0
DA:147,0
DA:149,0
DA:150,0
DA:152,0
DA:153,0
DA:154,0
DA:156,1
DA:157,1
DA:160,0
DA:162,1
DA:163,1
DA:165,3
DA:167,0
DA:168,0
DA:169,0
DA:172,8
DA:176,3
DA:177,3
DA:178,0
DA:183,16
DA:184,3
DA:187,3
DA:188,5
DA:189,0
DA:194,4
DA:198,3
DA:199,4
DA:200,0
DA:204,4
DA:205,2
DA:206,4
DA:207,1
DA:208,1
DA:213,7
DA:216,3
DA:217,0
DA:219,4
DA:222,5
DA:223,0
DA:229,14
DA:230,0
DA:242,1
DA:244,2
DA:245,5
DA:248,5
DA:249,6
DA:250,4
DA:251,2
DA:252,6
DA:253,3
DA:257,1
DA:263,7
DA:264,3
DA:265,0
DA:267,5
DA:268,0
DA:271,14
DA:272,0
DA:280,1
DA:282,2
DA:283,5
DA:286,4
DA:287,6
DA:288,4
DA:289,2
DA:290,6
DA:292,3
DA:296,1
DA:302,7
DA:303,3
DA:306,5
DA:310,14
DA:319,1
DA:321,2
DA:322,5
DA:324,5
DA:325,6
DA:326,4
DA:327,2
DA:328,6
DA:330,3
DA:334,1
DA:348,1
DA:349,3
DA:350,20
DA:352,0
DA:355,6
DA:358,16
DA:359,3
DA:360,3
DA:362,4
DA:366,6
DA:367,1
DA:369,6
DA:370,1
DA:372,14
DA:374,6
DA:376,8
DA:378,8
DA:380,14
DA:382,5
DA:385,21
DA:386,1
DA:388,8
DA:390,1
DA:391,2
DA:395,21
DA:396,4
DA:398,11
DA:400,2
DA:401,5
DA:405,20
DA:406,5
DA:408,8
DA:410,6
DA:411,5
DA:415,3
DA:419,7
DA:420,2
DA:421,2
DA:424,4
DA:425,4
DA:426,4
DA:428,6
DA:429,6
DA:430,6
DA:432,6
DA:434,8
DA:435,5
DA:438,2
DA:442,1
DA:447,3
DA:451,1
DA:452,4
DA:454,6
DA:455,4
DA:456,12
DA:464,1
DA:465,15
DA:466,0
DA:473,1
DA:476,6
DA:477,15
DA:478,3
DA:479,3
DA:481,5
DA:483,2
DA:485,2
DA:486,14
DA:487,4
DA:491,5
DA:492,16
DA:493,3
DA:494,3
DA:496,6
DA:498,2
DA:500,6
DA:501,10
DA:502,4
DA:506,12
DA:507,9
DA:508,6
DA:509,7
DA:511,11
DA:512,2
DA:515,5
DA:517,6
DA:518,7
DA:522,0
DA:531,14
DA:532,1
DA:535,16
DA:536,6
DA:538,2
DA:540,2
DA:541,6
DA:542,4
DA:546,18
DA:547,3
DA:549,2
DA:551,2
DA:552,6
DA:553,5
DA:557,17
DA:558,4
DA:560,2
DA:562,6
DA:563,6
DA:564,5
DA:568,2
DA:569,0
DA:582,2
DA:583,9
DA:584,0
DA:592,1
DA:595,18
DA:596,6
DA:598,2
DA:600,2
DA:601,4
DA:605,18
DA:606,3
DA:608,2
DA:610,2
DA:611,5
DA:621,6
DA:622,1
DA:624,1
DA:625,1
DA:626,1
DA:629,17
DA:630,9
DA:631,8
DA:632,6
DA:633,4
DA:637,18
DA:638,6
DA:639,9
DA:640,6
DA:641,5
DA:645,17
DA:646,6
DA:647,9
DA:648,6
DA:649,5
DA:652,3
DA:653,0
DA:656,10
DA:661,0
DA:662,0
DA:666,0
DA:667,0
DA:670,0
DA:671,0
DA:672,0
DA:673,0
DA:674,0
DA:678,0
DA:679,0
DA:680,0
DA:681,0
DA:682,0
DA:686,0
DA:687,0
DA:688,0
DA:689,0
DA:690,0
DA:694,0
DA:695,0
DA:698,0
DA:703,0
DA:704,0
DA:706,0
DA:708,0
DA:710,0
DA:715,0
DA:719,0
DA:720,0
DA:722,0
DA:724,0
DA:726,0
DA:731,0
DA:736,0
DA:738,0
DA:739,0
DA:741,0
DA:743,0
DA:745,0
DA:750,1
DA:762,0
DA:763,0
DA:766,0
DA:768,0
DA:773,0
DA:775,0
DA:780,0
DA:781,0
DA:783,0
DA:787,0
DA:792,0
DA:793,0
DA:794,0
DA:795,0
DA:799,0
DA:813,0
DA:814,0
DA:819,0
DA:823,0
DA:825,0
DA:829,0
DA:830,0
DA:832,0
DA:835,0
DA:839,0
DA:840,0
DA:841,0
DA:842,0
DA:846,0
DA:856,0
DA:857,0
DA:860,0
DA:862,0
DA:866,0
DA:867,0
DA:871,0
DA:872,0
DA:874,0
DA:877,0
DA:880,0
DA:887,0
DA:901,0
DA:902,0
DA:905,0
DA:906,0
DA:909,0
DA:911,0
DA:912,0
DA:915,0
DA:916,0
DA:920,0
DA:924,0
DA:928,0
DA:935,0
DA:949,0
DA:950,0
DA:953,0
DA:957,0
DA:959,0
DA:963,0
DA:967,0
DA:970,0
DA:974,0
DA:981,0
DA:991,0
DA:992,0
DA:993,0
DA:995,0
DA:999,0
DA:1001,0
DA:1005,0
DA:1006,0
DA:1009,0
DA:1012,0
DA:1016,0
DA:1017,0
DA:1018,0
DA:1019,0
DA:1021,0
DA:1023,4
DA:1027,0
DA:1034,0
DA:1037,0
DA:1039,0
DA:1046,2
DA:1049,0
DA:1051,1
DA:1055,0
DA:1058,0
DA:1060,0
DA:1068,5
DA:1069,0
DA:1071,1
DA:1077,5
DA:1078,0
DA:1080,1
DA:1086,5
DA:1089,1
DA:1095,10
DA:1096,0
DA:1097,1
DA:1098,2
DA:1104,10
DA:1105,0
DA:1106,1
DA:1107,2
DA:1111,4
DA:1112,0
DA:1114,1
DA:1118,4
DA:1119,0
DA:1121,1
DA:1125,7
DA:1126,0
DA:1129,5
DA:1130,0
DA:1131,0
DA:1137,8
DA:1141,4
DA:1142,0
DA:1144,1
DA:1150,4
DA:1153,5
DA:1154,0
DA:1156,1
DA:1162,4
DA:1165,5
DA:1168,1
DA:1174,4
DA:1175,0
DA:1177,5
DA:1178,0
DA:1180,1
DA:1184,2
DA:1191,2
DA:1194,1
DA:1195,7
DA:1196,3
DA:1198,4
DA:1223,0
DA:1227,0
DA:1235,1
DA:1239,0
DA:1255,1
DA:1265,0
DA:1269,0
DA:1273,0
DA:1281,1
DA:1291,0
DA:1299,1
DA:1303,1
DA:1307,1
DA:1318,1
DA:1320,10
DA:1321,1
DA:1322,1
DA:1327,11
DA:1328,1
DA:1329,1
DA:1333,0
DA:1341,1
end_of_record

SF:/Users/admin/Desktop/credit_rail/contracts/src/interfaces/ICreditPolicy.sol
end_of_record

SF:/Users/admin/Desktop/credit_rail/contracts/src/interfaces/ITranchePool.sol
end_of_record

SF:/Users/admin/Desktop/credit_rail/contracts/src/interfaces/IVerifier.sol
end_of_record

SF:/Users/admin/Desktop/credit_rail/contracts/test/fuzz/invariant/CreditRailStateFullFuzzTest.t.sol
DA:15,0
DA:16,1
DA:17,5
DA:18,5
DA:19,1
DA:20,1
DA:21,1
DA:22,10
DA:23,2
DA:26,31
DA:27,27
DA:28,42
DA:29,33
DA:30,31
DA:31,31
DA:32,33
DA:33,31
DA:34,34
DA:35,30
DA:36,29
DA:37,28
DA:38,28
DA:40,29
DA:41,31
DA:42,28
DA:44,30
DA:45,28
DA:46,28
DA:47,28
DA:48,28
DA:49,30
DA:50,28
DA:55,28
DA:57,28
DA:58,37
DA:65,28
DA:66,28
DA:68,32
DA:69,25
DA:70,1
DA:73,3
DA:78,1
DA:80,1
DA:81,1
DA:83,2
DA:94,10
DA:98,2
DA:110,6
DA:111,2
DA:112,3
DA:114,1
DA:124,2
DA:125,1
DA:126,1
DA:136,4
DA:137,2
DA:149,8
DA:162,18
DA:167,1
DA:169,1
DA:171,1
DA:177,1
DA:184,5
DA:185,58
DA:186,35
DA:187,43
DA:188,35
DA:189,33
DA:195,4
DA:196,41
DA:197,32
end_of_record

SF:/Users/admin/Desktop/credit_rail/contracts/test/fuzz/invariant/EchidnaCreditRailTest.sol
DA:9,3331
DA:21,19
DA:25,19
DA:29,19
DA:33,16
DA:42,27
DA:46,19
DA:54,11
DA:58,27
DA:62,19
DA:70,21
DA:74,19
end_of_record

SF:/Users/admin/Desktop/credit_rail/contracts/test/fuzz/invariant/Handler.t.sol
DA:11,3396
DA:16,2
DA:17,1
DA:18,2
DA:20,1
DA:21,0
DA:22,1
DA:23,2
DA:24,2
DA:25,2
DA:26,0
DA:27,0
DA:28,2
DA:29,1
DA:30,0
DA:31,0
DA:32,0
DA:35,0
DA:37,0
DA:38,0
DA:40,0
DA:41,0
DA:43,0
DA:44,0
DA:45,0
DA:46,0
DA:49,0
DA:50,0
DA:53,2
DA:55,6
DA:56,2
DA:58,0
DA:59,0
DA:60,0
DA:61,0
DA:62,0
DA:64,1
DA:74,8
DA:77,31
DA:78,28
DA:79,28
DA:80,28
DA:81,28
DA:83,12
DA:84,3
DA:85,10
DA:86,33
DA:87,28
DA:88,5
DA:89,33
DA:90,28
DA:92,22
DA:93,0
DA:96,10
DA:98,14
DA:99,33
DA:100,28
DA:102,32
DA:103,29
DA:106,13
DA:107,3
DA:108,34
DA:109,28
DA:112,17
DA:113,3
DA:115,28
DA:117,29
DA:120,11
DA:121,72
DA:124,10
DA:125,7
DA:127,36
DA:128,34
DA:130,10
DA:131,18
DA:132,36
DA:135,42
DA:138,38
DA:142,7
DA:143,31
DA:144,35
DA:145,32
DA:146,4
DA:147,5
DA:148,5
DA:149,6
DA:150,6
DA:151,37
DA:152,16
DA:155,11
DA:156,72
DA:159,10
DA:160,7
DA:162,36
DA:163,34
DA:165,10
DA:166,18
DA:167,36
DA:170,45
DA:173,38
DA:177,7
DA:178,31
DA:179,35
DA:180,32
DA:181,4
DA:182,5
DA:183,5
DA:184,6
DA:185,6
DA:186,36
DA:187,16
DA:190,11
DA:191,80
DA:194,10
DA:195,7
DA:197,36
DA:198,34
DA:200,7
DA:201,17
DA:202,33
DA:203,34
DA:204,36
DA:207,48
DA:208,34
DA:209,33
DA:210,38
DA:214,5
DA:215,34
DA:216,42
DA:217,32
DA:218,6
DA:219,6
DA:220,16
DA:224,7
DA:225,58
DA:226,36
DA:228,33
DA:229,28
DA:230,35
DA:234,6
DA:240,2
DA:241,93
DA:242,33
DA:247,1
DA:249,6
DA:250,45
DA:251,35
DA:254,0
DA:255,0
DA:259,41
DA:260,8
DA:263,8
DA:266,32
DA:269,46
DA:270,30
DA:273,8
DA:275,1
DA:276,34
DA:278,8
DA:279,41
DA:283,2
DA:284,11
DA:285,10
DA:291,35
DA:292,12
DA:295,33
DA:296,27
DA:298,13
DA:302,1
DA:311,12
DA:312,64
DA:313,41
DA:316,2
DA:317,53
DA:323,2
DA:324,43
DA:325,35
DA:327,0
DA:330,33
DA:331,35
DA:332,43
DA:333,44
DA:334,41
DA:339,11
DA:344,58
DA:347,40
DA:348,41
DA:349,8
DA:350,6
DA:352,5
DA:355,3
DA:358,6
DA:359,7
DA:361,6
DA:367,16
DA:368,9
DA:371,26
DA:372,7
DA:375,6
DA:376,5
DA:377,5
DA:380,6
DA:384,32
DA:385,35
DA:386,35
DA:387,29
DA:393,6
DA:394,4
DA:395,4
DA:399,2
DA:400,37
DA:403,7
DA:404,52
DA:405,5
DA:407,6
DA:412,40
DA:414,45
DA:416,7
DA:417,4
DA:420,33
DA:421,26
DA:424,8
DA:425,51
DA:429,6
DA:434,39
DA:436,2
DA:437,48
DA:444,35
DA:448,33
DA:449,28
DA:450,6
DA:451,6
DA:452,6
DA:455,4
DA:460,42
DA:463,6
DA:466,3
DA:470,0
DA:472,0
DA:473,0
DA:477,0
DA:479,0
DA:481,0
DA:482,0
DA:483,0
DA:484,0
DA:486,0
DA:487,0
DA:488,0
DA:489,0
DA:496,2
DA:497,0
DA:504,2
DA:505,0
DA:512,0
DA:513,0
DA:520,0
DA:521,0
DA:527,0
DA:539,0
DA:543,50
DA:546,5
DA:548,47
DA:549,35
DA:551,9
DA:552,8
DA:553,0
DA:556,9
DA:557,4
DA:558,1
end_of_record

SF:/Users/admin/Desktop/credit_rail/contracts/test/mocks/MockLoanProofVerifier.sol
DA:4,116
DA:9,1
end_of_record

