TN:
SF:/Users/admin/Desktop/credit_rail/contracts/lib/forge-std/src/Base.sol
DA:1,0
DA:40,912
end_of_record

SF:/Users/admin/Desktop/credit_rail/contracts/lib/forge-std/src/StdAssertions.sol
DA:8,3
DA:36,11
DA:40,1
DA:41,3
DA:42,0
DA:44,44
DA:100,10
DA:101,8
DA:102,0
DA:498,0
DA:499,0
DA:537,4
DA:538,4
DA:539,0
end_of_record

SF:/Users/admin/Desktop/credit_rail/contracts/lib/forge-std/src/StdChains.sol
DA:67,25
end_of_record

SF:/Users/admin/Desktop/credit_rail/contracts/lib/forge-std/src/StdCheats.sol
DA:11,27
DA:545,19
DA:546,101
DA:547,33
end_of_record

SF:/Users/admin/Desktop/credit_rail/contracts/lib/forge-std/src/StdConstants.sol
DA:7,0
end_of_record

SF:/Users/admin/Desktop/credit_rail/contracts/lib/forge-std/src/StdError.sol
DA:5,0
DA:6,0
DA:7,0
DA:8,0
DA:9,0
DA:10,0
DA:11,0
DA:12,0
DA:13,0
DA:14,0
end_of_record

SF:/Users/admin/Desktop/credit_rail/contracts/lib/forge-std/src/StdInvariant.sol
DA:65,3
DA:69,3
DA:84,2
DA:88,1
DA:92,2
DA:96,1
DA:100,2
DA:104,2
DA:108,1
DA:112,2
DA:116,1
DA:120,2
end_of_record

SF:/Users/admin/Desktop/credit_rail/contracts/lib/forge-std/src/StdJson.sol
DA:25,0
end_of_record

SF:/Users/admin/Desktop/credit_rail/contracts/lib/forge-std/src/StdMath.sol
DA:4,0
end_of_record

SF:/Users/admin/Desktop/credit_rail/contracts/lib/forge-std/src/StdStorage.sol
DA:24,0
DA:334,0
end_of_record

SF:/Users/admin/Desktop/credit_rail/contracts/lib/forge-std/src/StdStyle.sol
DA:6,0
end_of_record

SF:/Users/admin/Desktop/credit_rail/contracts/lib/forge-std/src/StdToml.sol
DA:25,0
end_of_record

SF:/Users/admin/Desktop/credit_rail/contracts/lib/forge-std/src/StdUtils.sol
DA:31,0
DA:32,0
DA:35,0
DA:37,0
DA:41,0
DA:42,0
DA:45,0
DA:46,0
DA:47,0
DA:48,0
DA:49,0
DA:50,0
DA:51,0
DA:52,0
DA:53,0
DA:54,0
DA:58,0
DA:59,0
DA:184,0
DA:191,0
DA:202,0
end_of_record

SF:/Users/admin/Desktop/credit_rail/contracts/lib/forge-std/src/Test.sol
DA:33,6
end_of_record

SF:/Users/admin/Desktop/credit_rail/contracts/lib/forge-std/src/Vm.sol
end_of_record

SF:/Users/admin/Desktop/credit_rail/contracts/lib/forge-std/src/console.sol
DA:4,0
DA:6,0
DA:11,0
DA:202,0
end_of_record

SF:/Users/admin/Desktop/credit_rail/contracts/lib/forge-std/src/console2.sol
end_of_record

SF:/Users/admin/Desktop/credit_rail/contracts/lib/forge-std/src/interfaces/IMulticall3.sol
end_of_record

SF:/Users/admin/Desktop/credit_rail/contracts/lib/forge-std/src/safeconsole.sol
DA:6,0
end_of_record

SF:/Users/admin/Desktop/credit_rail/contracts/lib/openzeppelin-contracts/contracts/access/Ownable.sol
DA:39,3
DA:40,0
DA:48,24
DA:57,1
DA:63,2
DA:64,3
DA:65,0
DA:85,0
DA:86,0
DA:98,3
end_of_record

SF:/Users/admin/Desktop/credit_rail/contracts/lib/openzeppelin-contracts/contracts/interfaces/IERC1363.sol
end_of_record

SF:/Users/admin/Desktop/credit_rail/contracts/lib/openzeppelin-contracts/contracts/interfaces/IERC165.sol
end_of_record

SF:/Users/admin/Desktop/credit_rail/contracts/lib/openzeppelin-contracts/contracts/interfaces/IERC20.sol
end_of_record

SF:/Users/admin/Desktop/credit_rail/contracts/lib/openzeppelin-contracts/contracts/interfaces/draft-IERC6093.sol
end_of_record

SF:/Users/admin/Desktop/credit_rail/contracts/lib/openzeppelin-contracts/contracts/mocks/token/ERC20Mock.sol
DA:6,366
end_of_record

SF:/Users/admin/Desktop/credit_rail/contracts/lib/openzeppelin-contracts/contracts/token/ERC20/ERC20.sol
DA:45,4
DA:53,0
DA:78,0
DA:83,0
DA:101,0
DA:145,0
DA:159,0
DA:160,0
DA:163,0
DA:179,2
DA:182,0
DA:183,0
DA:194,0
DA:203,1
DA:215,4
DA:216,0
DA:230,0
DA:231,0
DA:274,0
DA:275,0
DA:277,0
DA:278,0
DA:282,0
DA:296,0
DA:297,0
DA:298,0
end_of_record

SF:/Users/admin/Desktop/credit_rail/contracts/lib/openzeppelin-contracts/contracts/token/ERC20/IERC20.sol
end_of_record

SF:/Users/admin/Desktop/credit_rail/contracts/lib/openzeppelin-contracts/contracts/token/ERC20/extensions/IERC20Metadata.sol
end_of_record

SF:/Users/admin/Desktop/credit_rail/contracts/lib/openzeppelin-contracts/contracts/token/ERC20/utils/SafeERC20.sol
DA:18,0
DA:33,0
DA:34,0
DA:35,0
DA:43,0
DA:44,0
DA:45,0
DA:177,0
DA:179,0
DA:221,0
end_of_record

SF:/Users/admin/Desktop/credit_rail/contracts/lib/openzeppelin-contracts/contracts/utils/Context.sol
DA:18,1
end_of_record

SF:/Users/admin/Desktop/credit_rail/contracts/lib/openzeppelin-contracts/contracts/utils/ReentrancyGuard.sol
DA:37,1
DA:51,0
DA:69,0
DA:89,0
DA:90,0
DA:94,0
DA:113,0
end_of_record

SF:/Users/admin/Desktop/credit_rail/contracts/lib/openzeppelin-contracts/contracts/utils/StorageSlot.sol
DA:34,0
end_of_record

SF:/Users/admin/Desktop/credit_rail/contracts/lib/openzeppelin-contracts/contracts/utils/introspection/IERC165.sol
end_of_record

SF:/Users/admin/Desktop/credit_rail/contracts/src/CreditPolicy.sol
DA:10,1643
DA:27,42
DA:32,2
DA:33,5
DA:37,35
DA:41,4
DA:42,12
DA:43,0
DA:47,40
DA:51,2
DA:52,4
DA:65,0
DA:81,0
DA:93,0
DA:111,0
DA:112,0
DA:113,0
DA:123,0
DA:139,0
DA:152,0
DA:157,0
DA:158,0
DA:160,0
DA:161,0
DA:162,0
DA:163,0
DA:164,0
DA:165,0
DA:204,2
DA:212,4
DA:213,0
DA:215,2
DA:216,0
DA:220,1
DA:221,2
DA:222,2
DA:228,4
DA:229,0
DA:231,3
DA:232,0
DA:234,2
DA:235,35
DA:236,2
DA:237,2
DA:238,2
DA:239,2
DA:240,2
DA:242,0
DA:244,4
DA:245,0
DA:249,2
DA:250,2
DA:256,0
DA:257,0
DA:258,0
DA:268,2
DA:269,2
DA:270,1
DA:271,2
DA:281,1
DA:282,2
DA:283,1
DA:284,2
DA:294,1
DA:295,2
DA:296,1
DA:297,2
DA:307,1
DA:308,2
DA:309,1
DA:310,2
DA:320,1
DA:321,2
DA:322,1
DA:323,2
DA:334,6
DA:335,0
DA:337,2
DA:339,8
DA:342,1
DA:343,2
DA:344,2
DA:354,0
DA:355,0
DA:357,0
DA:358,0
DA:359,0
DA:366,0
DA:367,0
DA:369,0
DA:370,0
DA:371,0
DA:382,1
DA:383,1
DA:384,2
DA:386,5
DA:390,0
DA:391,0
DA:395,0
DA:401,0
DA:416,4
DA:417,0
DA:420,3
DA:431,0
end_of_record

SF:/Users/admin/Desktop/credit_rail/contracts/src/LoanEngine.sol
DA:12,543
DA:56,0
DA:57,0
DA:67,0
DA:68,0
DA:78,0
DA:79,0
DA:89,0
DA:90,0
DA:98,0
DA:99,0
DA:100,0
DA:102,0
DA:105,0
DA:108,0
DA:110,0
DA:111,1
DA:112,0
DA:113,0
DA:114,0
DA:200,5
DA:202,1
DA:203,1
DA:204,1
DA:205,1
DA:227,0
DA:228,0
DA:231,0
DA:232,0
DA:235,0
DA:236,0
DA:239,0
DA:240,0
DA:243,0
DA:244,0
DA:247,0
DA:248,0
DA:251,0
DA:252,0
DA:253,0
DA:255,0
DA:258,0
DA:259,0
DA:267,0
DA:268,0
DA:275,0
DA:276,0
DA:279,0
DA:303,0
DA:308,0
DA:332,0
DA:333,0
DA:335,0
DA:336,0
DA:337,0
DA:338,0
DA:339,0
DA:341,0
DA:342,0
DA:346,0
DA:347,0
DA:350,0
DA:351,0
DA:358,0
DA:360,0
DA:362,0
DA:383,0
DA:384,0
DA:387,0
DA:388,0
DA:389,0
DA:392,0
DA:395,0
DA:397,0
DA:398,0
DA:402,0
DA:403,0
DA:408,0
DA:409,0
DA:411,0
DA:416,0
DA:417,0
DA:418,0
DA:420,0
DA:421,0
DA:423,0
DA:427,0
DA:429,0
DA:433,0
DA:436,0
DA:437,0
DA:447,0
DA:448,0
DA:450,0
DA:452,0
DA:458,0
DA:459,0
DA:461,0
DA:462,0
DA:463,0
DA:464,0
DA:470,0
DA:471,0
DA:480,0
DA:481,0
DA:483,0
DA:484,0
DA:486,0
DA:487,0
DA:489,0
DA:490,0
DA:492,0
DA:493,0
DA:496,0
DA:498,0
DA:499,0
DA:500,0
DA:502,0
DA:503,0
DA:505,0
DA:508,0
DA:509,0
DA:510,0
DA:512,0
DA:513,0
DA:514,0
DA:515,0
DA:516,0
DA:518,0
DA:519,0
DA:520,0
DA:534,1
DA:541,2
DA:548,3
DA:555,2
DA:562,2
DA:570,1
end_of_record

SF:/Users/admin/Desktop/credit_rail/contracts/src/TranchePool.sol
DA:7,1409
DA:103,0
DA:104,0
DA:107,0
DA:109,0
DA:123,1
DA:128,0
DA:134,1
DA:135,0
DA:139,0
DA:140,0
DA:143,0
DA:144,0
DA:148,0
DA:150,0
DA:151,0
DA:153,0
DA:154,0
DA:155,4
DA:157,0
DA:158,0
DA:161,1
DA:163,1
DA:164,1
DA:166,3
DA:170,1
DA:175,0
DA:179,0
DA:180,0
DA:181,0
DA:186,0
DA:187,0
DA:190,0
DA:191,0
DA:192,0
DA:197,0
DA:201,0
DA:202,0
DA:203,0
DA:207,4
DA:208,2
DA:209,4
DA:210,1
DA:211,1
DA:216,0
DA:219,0
DA:220,0
DA:222,0
DA:225,0
DA:226,0
DA:232,0
DA:233,0
DA:245,0
DA:247,0
DA:248,0
DA:251,0
DA:252,0
DA:253,0
DA:254,0
DA:255,0
DA:256,0
DA:260,0
DA:266,0
DA:267,0
DA:268,0
DA:270,0
DA:271,0
DA:274,0
DA:275,0
DA:283,0
DA:285,0
DA:286,0
DA:289,0
DA:290,0
DA:291,0
DA:292,0
DA:293,0
DA:295,0
DA:299,0
DA:305,0
DA:306,0
DA:309,0
DA:313,0
DA:322,0
DA:324,0
DA:325,0
DA:327,0
DA:328,0
DA:329,0
DA:330,0
DA:331,0
DA:333,0
DA:337,0
DA:351,0
DA:352,0
DA:353,0
DA:355,0
DA:358,0
DA:361,0
DA:362,0
DA:363,0
DA:365,0
DA:369,0
DA:370,0
DA:372,0
DA:373,0
DA:375,0
DA:377,0
DA:379,0
DA:381,0
DA:383,0
DA:385,0
DA:388,0
DA:389,0
DA:391,0
DA:393,0
DA:394,0
DA:398,0
DA:399,0
DA:401,0
DA:403,0
DA:404,0
DA:408,0
DA:409,0
DA:411,0
DA:413,0
DA:414,0
DA:418,0
DA:422,0
DA:423,0
DA:424,0
DA:427,0
DA:428,0
DA:429,0
DA:431,0
DA:432,0
DA:433,0
DA:435,0
DA:437,0
DA:438,0
DA:441,0
DA:445,0
DA:450,0
DA:454,0
DA:455,0
DA:457,0
DA:458,0
DA:459,0
DA:467,0
DA:468,0
DA:469,0
DA:476,0
DA:477,0
DA:480,0
DA:481,0
DA:482,0
DA:483,0
DA:485,0
DA:487,0
DA:489,0
DA:490,0
DA:491,0
DA:495,0
DA:496,0
DA:497,0
DA:498,0
DA:500,0
DA:502,0
DA:504,0
DA:505,0
DA:506,0
DA:510,0
DA:511,0
DA:512,0
DA:513,0
DA:515,0
DA:516,0
DA:519,0
DA:521,0
DA:522,0
DA:526,0
DA:535,0
DA:536,0
DA:539,0
DA:540,0
DA:542,0
DA:544,0
DA:545,0
DA:546,0
DA:550,0
DA:551,0
DA:553,0
DA:555,0
DA:556,0
DA:557,0
DA:561,0
DA:562,0
DA:564,0
DA:566,0
DA:567,0
DA:568,0
DA:572,0
DA:573,0
DA:586,0
DA:587,0
DA:588,0
DA:596,0
DA:599,0
DA:600,0
DA:602,0
DA:604,0
DA:605,0
DA:609,0
DA:610,0
DA:612,0
DA:614,0
DA:615,0
DA:625,0
DA:626,0
DA:628,0
DA:629,0
DA:630,0
DA:633,0
DA:634,0
DA:635,0
DA:636,0
DA:637,0
DA:641,0
DA:642,0
DA:643,0
DA:644,0
DA:645,0
DA:649,0
DA:650,0
DA:651,0
DA:652,0
DA:653,0
DA:656,0
DA:657,0
DA:660,0
DA:665,0
DA:666,0
DA:670,0
DA:671,0
DA:674,0
DA:675,0
DA:676,0
DA:677,0
DA:678,0
DA:682,0
DA:683,0
DA:684,0
DA:685,0
DA:686,0
DA:690,0
DA:691,0
DA:692,0
DA:693,0
DA:694,0
DA:698,0
DA:699,0
DA:702,0
DA:707,0
DA:708,0
DA:710,0
DA:712,0
DA:714,0
DA:718,0
DA:720,0
DA:724,0
DA:725,0
DA:727,0
DA:729,0
DA:731,0
DA:735,0
DA:737,0
DA:742,0
DA:744,0
DA:745,0
DA:747,0
DA:749,0
DA:751,0
DA:752,0
DA:757,1
DA:769,0
DA:770,0
DA:773,0
DA:775,0
DA:780,0
DA:782,0
DA:787,0
DA:788,0
DA:790,0
DA:794,0
DA:798,0
DA:803,0
DA:804,0
DA:805,0
DA:806,0
DA:810,0
DA:824,0
DA:825,0
DA:830,0
DA:834,0
DA:838,0
DA:840,0
DA:844,0
DA:845,0
DA:847,0
DA:850,0
DA:854,0
DA:855,0
DA:856,0
DA:857,0
DA:861,0
DA:871,0
DA:872,0
DA:875,0
DA:877,0
DA:880,0
DA:883,0
DA:884,0
DA:888,0
DA:889,0
DA:891,0
DA:894,0
DA:897,0
DA:904,0
DA:918,0
DA:919,0
DA:922,0
DA:923,0
DA:925,0
DA:926,0
DA:929,0
DA:931,0
DA:932,0
DA:935,0
DA:936,0
DA:940,0
DA:944,0
DA:948,0
DA:955,0
DA:969,0
DA:970,0
DA:973,0
DA:977,0
DA:981,0
DA:983,0
DA:987,0
DA:991,0
DA:994,0
DA:998,0
DA:1005,0
DA:1015,0
DA:1016,0
DA:1017,0
DA:1019,0
DA:1023,0
DA:1024,0
DA:1027,0
DA:1029,0
DA:1033,0
DA:1034,0
DA:1037,0
DA:1040,0
DA:1044,0
DA:1045,0
DA:1046,0
DA:1047,0
DA:1049,0
DA:1051,0
DA:1055,0
DA:1062,0
DA:1065,0
DA:1067,0
DA:1074,2
DA:1077,0
DA:1079,1
DA:1083,0
DA:1086,0
DA:1088,0
DA:1096,5
DA:1097,0
DA:1099,1
DA:1105,5
DA:1106,0
DA:1108,1
DA:1114,5
DA:1117,1
DA:1123,10
DA:1124,0
DA:1125,1
DA:1126,2
DA:1132,10
DA:1133,0
DA:1134,1
DA:1135,2
DA:1139,4
DA:1140,0
DA:1142,1
DA:1146,4
DA:1147,0
DA:1149,1
DA:1153,0
DA:1154,0
DA:1157,0
DA:1158,0
DA:1159,0
DA:1165,0
DA:1169,4
DA:1170,0
DA:1172,1
DA:1178,4
DA:1181,5
DA:1182,0
DA:1184,1
DA:1190,4
DA:1193,5
DA:1196,1
DA:1202,4
DA:1203,0
DA:1205,5
DA:1206,0
DA:1208,1
DA:1212,2
DA:1219,2
DA:1222,0
DA:1223,0
DA:1224,0
DA:1226,0
DA:1233,1
DA:1255,1
DA:1259,1
DA:1267,1
DA:1271,0
DA:1287,0
DA:1297,0
DA:1301,1
DA:1305,1
DA:1313,0
DA:1323,0
DA:1331,0
DA:1335,1
DA:1339,1
DA:1343,1
DA:1354,1
DA:1356,10
DA:1357,1
DA:1358,1
DA:1363,11
DA:1364,1
DA:1365,1
DA:1369,0
DA:1377,1
DA:1393,1
DA:1397,1
end_of_record

SF:/Users/admin/Desktop/credit_rail/contracts/src/interfaces/ICreditPolicy.sol
end_of_record

SF:/Users/admin/Desktop/credit_rail/contracts/src/interfaces/ITranchePool.sol
end_of_record

SF:/Users/admin/Desktop/credit_rail/contracts/src/interfaces/IVerifier.sol
end_of_record

SF:/Users/admin/Desktop/credit_rail/contracts/test/fuzz/invariant/CreditRailStateFullFuzzTest.t.sol
DA:15,3668
DA:16,1
DA:17,5
DA:18,5
DA:19,1
DA:20,1
DA:21,1
DA:22,10
DA:23,2
DA:26,31
DA:27,27
DA:28,42
DA:29,33
DA:30,31
DA:31,31
DA:32,33
DA:33,31
DA:34,34
DA:35,31
DA:36,29
DA:37,28
DA:38,28
DA:40,29
DA:41,31
DA:42,28
DA:44,30
DA:45,28
DA:46,28
DA:47,28
DA:48,28
DA:49,30
DA:50,28
DA:55,28
DA:57,28
DA:58,37
DA:65,28
DA:66,28
DA:68,32
DA:69,25
DA:70,1
DA:73,3
DA:78,1
DA:80,1
DA:81,1
DA:82,1
DA:84,1
DA:85,1
DA:87,1
DA:88,1
DA:90,2
DA:101,10
DA:105,2
DA:117,6
DA:118,2
DA:119,3
DA:121,1
DA:131,2
DA:132,1
DA:133,1
DA:143,4
DA:144,2
DA:156,8
DA:169,18
DA:174,1
DA:176,1
DA:178,1
DA:184,1
DA:191,4
DA:192,57
DA:193,34
DA:194,49
DA:195,33
DA:196,32
DA:202,4
DA:203,40
DA:204,31
DA:213,4
DA:214,61
DA:215,34
DA:216,34
DA:217,34
DA:226,4
DA:227,47
DA:228,49
DA:229,33
DA:230,32
DA:247,44
DA:248,12
DA:249,0
DA:252,0
DA:255,4
DA:257,31
DA:263,65
DA:264,34
DA:265,34
DA:272,4
DA:274,72
DA:281,4
DA:282,62
DA:283,34
DA:284,32
DA:285,30
DA:291,54
DA:292,5
DA:293,32
DA:294,30
DA:301,37
DA:302,8
DA:303,0
DA:306,0
DA:307,0
DA:308,0
DA:313,0
DA:314,0
DA:315,0
DA:320,0
DA:321,0
DA:329,48
DA:331,37
DA:333,35
DA:338,37
DA:339,12
DA:340,0
DA:341,36
DA:346,4
DA:347,0
DA:353,37
DA:355,8
DA:356,0
DA:357,0
DA:358,0
DA:361,0
DA:362,0
end_of_record

SF:/Users/admin/Desktop/credit_rail/contracts/test/fuzz/invariant/Handler.t.sol
DA:11,993
DA:16,3
DA:17,1
DA:18,2
DA:20,1
DA:21,0
DA:22,1
DA:23,2
DA:24,2
DA:25,2
DA:26,0
DA:27,0
DA:28,0
DA:29,1
DA:30,0
DA:31,0
DA:32,0
DA:35,0
DA:37,0
DA:38,0
DA:40,0
DA:41,0
DA:43,0
DA:44,0
DA:45,0
DA:46,0
DA:49,0
DA:50,0
DA:53,0
DA:54,0
DA:55,0
DA:56,0
DA:58,0
DA:60,6
DA:61,2
DA:63,0
DA:64,0
DA:65,0
DA:66,0
DA:67,0
DA:68,0
DA:70,1
DA:80,8
DA:81,1
DA:83,31
DA:84,28
DA:85,28
DA:86,28
DA:87,28
DA:89,12
DA:90,3
DA:91,10
DA:92,33
DA:93,28
DA:94,5
DA:95,33
DA:96,28
DA:98,22
DA:99,0
DA:102,10
DA:104,14
DA:105,33
DA:106,28
DA:108,32
DA:109,29
DA:112,13
DA:113,3
DA:114,34
DA:115,28
DA:118,17
DA:119,3
DA:121,28
DA:123,29
DA:126,0
DA:127,0
DA:130,0
DA:131,0
DA:133,0
DA:134,0
DA:136,0
DA:137,0
DA:138,0
DA:141,0
DA:144,0
DA:148,0
DA:149,0
DA:150,0
DA:151,0
DA:152,0
DA:153,0
DA:154,0
DA:155,0
DA:156,0
DA:157,0
DA:158,0
DA:161,0
DA:162,0
DA:165,0
DA:166,0
DA:168,0
DA:169,0
DA:171,0
DA:172,0
DA:173,0
DA:176,0
DA:179,0
DA:183,0
DA:184,0
DA:185,0
DA:186,0
DA:187,0
DA:188,0
DA:189,0
DA:190,0
DA:191,0
DA:192,0
DA:193,0
DA:196,0
DA:197,0
DA:200,0
DA:201,0
DA:203,0
DA:204,0
DA:206,0
DA:207,0
DA:208,0
DA:209,0
DA:210,0
DA:213,0
DA:214,0
DA:215,0
DA:216,0
DA:220,0
DA:221,0
DA:222,0
DA:223,0
DA:226,0
DA:227,0
DA:228,0
DA:229,0
DA:230,0
DA:231,0
DA:233,0
DA:237,0
DA:238,0
DA:239,0
DA:241,0
DA:242,0
DA:243,0
DA:247,0
DA:253,0
DA:254,0
DA:255,0
DA:260,0
DA:262,0
DA:263,0
DA:264,0
DA:267,0
DA:268,0
DA:272,0
DA:273,0
DA:276,0
DA:279,0
DA:282,0
DA:283,0
DA:286,0
DA:288,0
DA:289,0
DA:291,0
DA:292,0
DA:296,0
DA:297,0
DA:298,0
DA:304,0
DA:305,0
DA:313,0
DA:314,0
DA:316,0
DA:320,0
DA:329,0
DA:330,0
DA:331,0
DA:334,0
DA:335,0
DA:340,0
DA:341,0
DA:342,0
DA:347,0
DA:348,0
DA:349,0
DA:351,0
DA:354,0
DA:355,0
DA:356,0
DA:357,0
DA:358,0
DA:363,0
DA:368,0
DA:371,0
DA:372,0
DA:373,0
DA:374,0
DA:377,0
DA:380,0
DA:383,0
DA:384,0
DA:387,0
DA:389,0
DA:390,0
DA:393,0
DA:394,0
DA:396,0
DA:399,0
DA:400,0
DA:401,0
DA:404,0
DA:408,0
DA:409,0
DA:410,0
DA:411,0
DA:412,0
DA:419,0
DA:420,0
DA:421,0
DA:425,0
DA:426,0
DA:429,0
DA:430,0
DA:433,0
DA:435,0
DA:436,0
DA:439,0
DA:441,0
DA:443,0
DA:447,0
DA:448,0
DA:451,0
DA:452,0
DA:456,0
DA:460,0
DA:462,0
DA:463,0
DA:470,0
DA:474,0
DA:475,0
DA:476,0
DA:477,0
DA:478,0
DA:481,0
DA:486,0
DA:489,0
DA:493,0
DA:495,0
DA:496,0
DA:501,0
DA:503,0
DA:504,0
DA:506,0
DA:507,0
DA:508,0
DA:509,0
DA:514,0
DA:515,0
DA:516,0
DA:518,0
DA:519,0
DA:522,0
DA:523,0
DA:524,0
DA:527,0
DA:528,0
DA:531,0
DA:532,0
DA:533,0
DA:536,0
DA:538,0
DA:539,0
DA:540,0
DA:543,0
DA:544,0
DA:545,0
DA:548,0
DA:549,0
DA:552,0
DA:553,0
DA:554,0
DA:559,0
DA:560,0
DA:561,0
DA:564,0
DA:565,0
DA:566,0
DA:569,0
DA:570,0
DA:573,0
DA:574,0
DA:575,0
DA:580,0
DA:581,0
DA:582,0
DA:585,0
DA:586,0
DA:589,0
DA:590,0
DA:591,0
DA:593,0
DA:596,0
DA:597,0
DA:602,0
DA:603,0
DA:605,0
DA:607,0
DA:608,0
DA:611,0
DA:612,0
DA:617,0
DA:618,0
DA:620,0
DA:621,0
DA:624,0
DA:625,0
DA:628,0
DA:629,0
DA:630,0
DA:632,0
DA:634,0
DA:635,0
DA:638,0
DA:639,0
DA:641,0
DA:643,0
DA:644,0
DA:646,0
DA:647,0
DA:652,0
DA:653,0
DA:654,0
DA:655,0
DA:658,0
DA:659,0
DA:660,0
DA:662,0
DA:663,0
DA:664,0
DA:665,0
DA:667,0
DA:668,0
DA:671,0
DA:672,0
DA:675,0
DA:677,0
DA:679,0
DA:680,0
DA:682,0
DA:683,0
DA:688,0
DA:689,0
DA:690,0
DA:691,0
DA:696,0
DA:697,0
DA:704,0
DA:705,0
DA:712,0
DA:713,0
DA:720,0
DA:721,0
DA:727,0
DA:739,0
DA:743,0
DA:746,0
DA:748,0
DA:749,0
DA:751,0
DA:752,0
DA:753,0
DA:756,0
DA:757,0
DA:758,0
end_of_record

SF:/Users/admin/Desktop/credit_rail/contracts/test/mocks/MockLoanProofVerifier.sol
DA:4,14
DA:9,0
end_of_record

