TN:
SF:/Users/admin/Desktop/credit_rail/contracts/lib/openzeppelin-contracts/contracts/access/Ownable.sol
DA:39,1
DA:40,0
DA:48,82930
DA:57,135496
DA:64,135496
DA:65,0
DA:85,0
DA:86,0
DA:98,1
FN:56,owner
FNDA:1,owner
FN:63,_checkOwner
FNDA:1,_checkOwner
FN:76,renounceOwnership
FNDA:0,renounceOwnership
FN:84,transferOwnership
FNDA:0,transferOwnership
FN:95,_transferOwnership
FNDA:1,_transferOwnership
end_of_record
SF:/Users/admin/Desktop/credit_rail/contracts/lib/openzeppelin-contracts/contracts/interfaces/IERC1363.sol
end_of_record
SF:/Users/admin/Desktop/credit_rail/contracts/lib/openzeppelin-contracts/contracts/interfaces/IERC165.sol
end_of_record
SF:/Users/admin/Desktop/credit_rail/contracts/lib/openzeppelin-contracts/contracts/interfaces/IERC20.sol
end_of_record
SF:/Users/admin/Desktop/credit_rail/contracts/lib/openzeppelin-contracts/contracts/interfaces/draft-IERC6093.sol
end_of_record
SF:/Users/admin/Desktop/credit_rail/contracts/lib/openzeppelin-contracts/contracts/mocks/token/ERC20Mock.sol
DA:6,239347
FN:9,mint
FNDA:0,mint
FN:13,burn
FNDA:0,burn
end_of_record
SF:/Users/admin/Desktop/credit_rail/contracts/lib/openzeppelin-contracts/contracts/token/ERC20/ERC20.sol
DA:45,1
DA:53,0
DA:78,0
DA:83,0
DA:101,154920
DA:145,84314
DA:160,154920
DA:163,154920
DA:179,113
DA:182,154920
DA:183,0
DA:194,0
DA:203,154920
DA:215,113
DA:216,0
DA:230,0
DA:231,0
DA:274,84314
DA:275,0
DA:277,84314
DA:278,0
DA:282,84314
DA:296,84314
DA:297,84314
DA:298,0
FN:52,name
FNDA:0,name
FN:60,symbol
FNDA:0,symbol
FN:77,decimals
FNDA:0,decimals
FN:82,totalSupply
FNDA:0,totalSupply
FN:87,balanceOf
FNDA:0,balanceOf
FN:99,transfer
FNDA:1,transfer
FN:106,allowance
FNDA:0,allowance
FN:120,approve
FNDA:0,approve
FN:142,transferFrom
FNDA:1,transferFrom
FN:159,_transfer
FNDA:1,_transfer
FN:176,_update
FNDA:1,_update
FN:214,_mint
FNDA:1,_mint
FN:229,_burn
FNDA:0,_burn
FN:251,_approve
FNDA:0,_approve
FN:273,_approve
FNDA:1,_approve
FN:294,_spendAllowance
FNDA:1,_spendAllowance
end_of_record
SF:/Users/admin/Desktop/credit_rail/contracts/lib/openzeppelin-contracts/contracts/token/ERC20/IERC20.sol
end_of_record
SF:/Users/admin/Desktop/credit_rail/contracts/lib/openzeppelin-contracts/contracts/token/ERC20/extensions/IERC20Metadata.sol
end_of_record
SF:/Users/admin/Desktop/credit_rail/contracts/lib/openzeppelin-contracts/contracts/token/ERC20/utils/SafeERC20.sol
DA:18,2
DA:34,70606
DA:35,0
DA:44,67079
DA:45,0
DA:177,70606
DA:179,70606
DA:221,67079
FN:33,safeTransfer
FNDA:1,safeTransfer
FN:43,safeTransferFrom
FNDA:1,safeTransferFrom
FN:52,trySafeTransfer
FNDA:0,trySafeTransfer
FN:59,trySafeTransferFrom
FNDA:0,trySafeTransferFrom
FN:72,safeIncreaseAllowance
FNDA:0,safeIncreaseAllowance
FN:86,safeDecreaseAllowance
FNDA:0,safeDecreaseAllowance
FN:105,forceApprove
FNDA:0,forceApprove
FN:119,transferAndCallRelaxed
FNDA:0,transferAndCallRelaxed
FN:134,transferFromAndCallRelaxed
FNDA:0,transferFromAndCallRelaxed
FN:159,approveAndCallRelaxed
FNDA:0,approveAndCallRelaxed
FN:176,_safeTransfer
FNDA:1,_safeTransfer
FN:212,_safeTransferFrom
FNDA:1,_safeTransferFrom
FN:255,_safeApprove
FNDA:0,_safeApprove
end_of_record
SF:/Users/admin/Desktop/credit_rail/contracts/lib/openzeppelin-contracts/contracts/utils/Context.sol
DA:18,135496
FN:17,_msgSender
FNDA:1,_msgSender
FN:21,_msgData
FNDA:0,_msgData
FN:25,_contextSuffixLength
FNDA:0,_contextSuffixLength
end_of_record
SF:/Users/admin/Desktop/credit_rail/contracts/lib/openzeppelin-contracts/contracts/utils/ReentrancyGuard.sol
DA:37,1
DA:51,52538
DA:69,35303
DA:90,0
DA:94,52538
DA:113,52538
FN:88,_nonReentrantBeforeView
FNDA:0,_nonReentrantBeforeView
FN:94,_nonReentrantBefore
FNDA:1,_nonReentrantBefore
FN:102,_nonReentrantAfter
FNDA:0,_nonReentrantAfter
FN:112,_reentrancyGuardEntered
FNDA:1,_reentrancyGuardEntered
FN:116,_reentrancyGuardStorageSlot
FNDA:0,_reentrancyGuardStorageSlot
end_of_record
SF:/Users/admin/Desktop/credit_rail/contracts/lib/openzeppelin-contracts/contracts/utils/StorageSlot.sol
DA:34,2
FN:66,getAddressSlot
FNDA:0,getAddressSlot
FN:75,getBooleanSlot
FNDA:0,getBooleanSlot
FN:84,getBytes32Slot
FNDA:0,getBytes32Slot
FN:93,getUint256Slot
FNDA:0,getUint256Slot
FN:102,getInt256Slot
FNDA:0,getInt256Slot
FN:111,getStringSlot
FNDA:0,getStringSlot
FN:120,getStringSlot
FNDA:0,getStringSlot
FN:129,getBytesSlot
FNDA:0,getBytesSlot
FN:138,getBytesSlot
FNDA:0,getBytesSlot
end_of_record
SF:/Users/admin/Desktop/credit_rail/contracts/lib/openzeppelin-contracts/contracts/utils/introspection/IERC165.sol
end_of_record
SF:/Users/admin/Desktop/credit_rail/contracts/src/CreditPolicy.sol
DA:27,1
DA:33,10
DA:37,1
DA:42,7
DA:43,0
DA:47,1
DA:52,8
DA:65,165860
DA:81,0
DA:93,0
DA:111,0
DA:112,0
DA:113,82930
DA:123,0
DA:139,0
DA:152,0
DA:157,0
DA:158,0
DA:160,0
DA:161,0
DA:162,0
DA:163,0
DA:164,0
DA:165,0
DA:204,1
DA:212,1
DA:213,0
DA:216,0
DA:220,1
DA:221,1
DA:222,1
DA:228,1
DA:229,0
DA:231,1
DA:232,0
DA:235,1
DA:236,1
DA:237,1
DA:238,1
DA:239,1
DA:240,1
DA:242,0
DA:244,1
DA:245,0
DA:249,1
DA:250,1
DA:256,0
DA:257,0
DA:258,0
DA:268,1
DA:269,1
DA:270,1
DA:271,1
DA:281,1
DA:282,1
DA:283,1
DA:284,1
DA:294,1
DA:295,1
DA:296,1
DA:297,1
DA:307,1
DA:308,1
DA:309,1
DA:310,1
DA:320,1
DA:321,1
DA:322,1
DA:323,1
DA:334,1
DA:335,0
DA:337,1
DA:339,1
DA:342,1
DA:343,1
DA:344,1
DA:354,0
DA:355,0
DA:357,0
DA:358,0
DA:359,0
DA:366,0
DA:367,0
DA:369,0
DA:370,0
DA:371,0
DA:382,1
DA:383,1
DA:384,1
DA:386,1
DA:390,0
DA:391,0
DA:395,0
DA:401,0
DA:416,1
DA:417,0
DA:420,1
DA:431,82930
FN:32,_onlyAdmin
FNDA:1,_onlyAdmin
FN:41,_policyEditable
FNDA:1,_policyEditable
FN:51,_policyExists
FNDA:1,_policyExists
FN:211,createPolicy
FNDA:1,createPolicy
FN:225,freezePolicy
FNDA:1,freezePolicy
FN:253,deActivatePolicy
FNDA:0,deActivatePolicy
FN:264,updateEligibility
FNDA:1,updateEligibility
FN:277,updateRatios
FNDA:1,updateRatios
FN:290,updateConcentration
FNDA:1,updateConcentration
FN:303,updateAttestation
FNDA:1,updateAttestation
FN:316,updateCovenants
FNDA:1,updateCovenants
FN:329,setLoanTier
FNDA:1,setLoanTier
FN:350,excludeIndustry
FNDA:0,excludeIndustry
FN:362,includeIndustry
FNDA:0,includeIndustry
FN:377,setPolicyDocument
FNDA:1,setPolicyDocument
FN:389,changePolicyAdmin
FNDA:0,changePolicyAdmin
FN:400,isPolicyActive
FNDA:0,isPolicyActive
FN:404,isPolicyFrozen
FNDA:0,isPolicyFrozen
FN:408,tierExistsInPolicy
FNDA:0,tierExistsInPolicy
FN:415,setMaxTiers
FNDA:1,setMaxTiers
FN:423,getMaxTiers
FNDA:0,getMaxTiers
FN:427,isIndustryExcluded
FNDA:1,isIndustryExcluded
end_of_record
SF:/Users/admin/Desktop/credit_rail/contracts/src/LoanEngine.sol
DA:56,35303
DA:57,0
DA:67,0
DA:68,0
DA:78,17235
DA:79,0
DA:89,35303
DA:90,0
DA:98,0
DA:99,0
DA:100,0
DA:102,0
DA:105,0
DA:108,0
DA:110,0
DA:111,1
DA:112,82930
DA:113,0
DA:114,0
DA:200,1
DA:202,1
DA:203,1
DA:204,1
DA:205,1
DA:227,82930
DA:228,0
DA:231,82930
DA:232,0
DA:235,82930
DA:236,0
DA:239,82930
DA:240,0
DA:243,82930
DA:244,0
DA:247,82930
DA:248,0
DA:252,82930
DA:253,125264
DA:255,0
DA:258,82930
DA:259,0
DA:267,82930
DA:268,0
DA:275,82930
DA:276,0
DA:279,82930
DA:308,82930
DA:332,35303
DA:333,0
DA:335,35303
DA:336,35303
DA:337,35303
DA:338,35303
DA:339,35303
DA:342,35303
DA:346,35303
DA:347,0
DA:350,35303
DA:351,35303
DA:358,35303
DA:360,35303
DA:362,35303
DA:383,17235
DA:384,0
DA:387,17235
DA:388,17235
DA:389,0
DA:392,17235
DA:395,17235
DA:397,17235
DA:398,17235
DA:402,17235
DA:403,17235
DA:408,17235
DA:409,17235
DA:411,17235
DA:416,17235
DA:417,17235
DA:418,17235
DA:420,17235
DA:421,9458
DA:423,17235
DA:427,17235
DA:433,17235
DA:437,9458
DA:447,18
DA:448,0
DA:450,18
DA:452,18
DA:458,5
DA:459,0
DA:461,5
DA:462,5
DA:463,5
DA:464,0
DA:470,5
DA:471,5
DA:480,0
DA:481,0
DA:483,0
DA:484,0
DA:486,0
DA:487,0
DA:489,0
DA:490,0
DA:492,0
DA:493,0
DA:498,17253
DA:499,17253
DA:500,0
DA:502,17253
DA:503,17253
DA:505,0
DA:509,17253
DA:510,17253
DA:512,17253
DA:513,17096
DA:514,17096
DA:516,17096
DA:519,17096
DA:520,17096
DA:534,1
DA:541,1
DA:548,1
DA:555,1
DA:562,1
DA:570,861774
FN:55,_isWhiteListedOffRampingEntity
FNDA:1,_isWhiteListedOffRampingEntity
FN:66,_isWhiteListedRecoveryAgent
FNDA:0,_isWhiteListedRecoveryAgent
FN:77,_isWhiteListedRepaymentAgent
FNDA:1,_isWhiteListedRepaymentAgent
FN:88,_isWhiteListedFeeManager
FNDA:1,_isWhiteListedFeeManager
FN:214,createLoan
FNDA:1,createLoan
FN:318,activateLoan
FNDA:1,activateLoan
FN:371,repayLoan
FNDA:1,repayLoan
FN:441,declareDefault
FNDA:1,declareDefault
FN:455,writeOffLoan
FNDA:1,writeOffLoan
FN:474,recoverLoan
FNDA:0,recoverLoan
FN:496,_accrueInterest
FNDA:1,_accrueInterest
FN:531,setMaxOriginationFeeBps
FNDA:1,setMaxOriginationFeeBps
FN:537,setWhitelistedOffRampingEntity
FNDA:1,setWhitelistedOffRampingEntity
FN:544,setWhitelistedRecoveryAgent
FNDA:1,setWhitelistedRecoveryAgent
FN:551,setWhitelistedRepaymentAgent
FNDA:1,setWhitelistedRepaymentAgent
FN:558,setWhitelistedFeeManager
FNDA:1,setWhitelistedFeeManager
FN:565,getMaxOriginationFeeBps
FNDA:0,getMaxOriginationFeeBps
FN:569,getNextLoanId
FNDA:1,getNextLoanId
FN:573,getLoanDetails
FNDA:0,getLoanDetails
end_of_record
SF:/Users/admin/Desktop/credit_rail/contracts/src/TranchePool.sol
DA:103,0
DA:104,0
DA:107,0
DA:109,0
DA:123,35787
DA:128,58308
DA:134,0
DA:135,0
DA:139,0
DA:140,0
DA:143,0
DA:144,0
DA:148,0
DA:150,0
DA:151,0
DA:153,0
DA:154,0
DA:155,0
DA:157,94095
DA:158,85634
DA:161,0
DA:163,0
DA:164,0
DA:166,894402
DA:170,0
DA:175,22521
DA:180,44843
DA:181,0
DA:186,35303
DA:187,17096
DA:191,69639
DA:192,0
DA:197,22236
DA:202,22236
DA:203,0
DA:207,1
DA:208,1
DA:209,1
DA:210,1
DA:211,1
DA:216,22521
DA:219,22521
DA:220,0
DA:222,22521
DA:225,22521
DA:226,0
DA:232,22521
DA:233,0
DA:245,22521
DA:247,22521
DA:248,22521
DA:251,22521
DA:252,22521
DA:253,22521
DA:254,22521
DA:255,22521
DA:260,22521
DA:266,22322
DA:267,22322
DA:268,0
DA:270,22322
DA:271,0
DA:274,22322
DA:275,0
DA:283,22322
DA:285,22322
DA:286,22322
DA:289,22322
DA:290,22322
DA:291,22322
DA:292,22322
DA:293,22322
DA:299,22322
DA:305,22236
DA:306,22236
DA:309,22236
DA:313,22236
DA:322,22236
DA:324,22236
DA:325,22236
DA:327,22236
DA:328,22236
DA:329,22236
DA:330,22236
DA:331,22236
DA:337,22236
DA:351,35303
DA:353,35303
DA:355,0
DA:358,35303
DA:361,35303
DA:362,35303
DA:363,35303
DA:365,35303
DA:370,35303
DA:373,35303
DA:375,35303
DA:377,35303
DA:379,35303
DA:381,35303
DA:383,35303
DA:385,35303
DA:388,35303
DA:391,8244
DA:393,8244
DA:394,8244
DA:398,35303
DA:401,8225
DA:403,8225
DA:404,8225
DA:408,35303
DA:411,10484
DA:413,18709
DA:414,10484
DA:418,35303
DA:423,21238
DA:424,21238
DA:427,35303
DA:428,35303
DA:429,35303
DA:431,35303
DA:432,35303
DA:433,35303
DA:435,35303
DA:437,35303
DA:438,35303
DA:445,35303
DA:454,17096
DA:455,17096
DA:457,17096
DA:458,17096
DA:459,17096
DA:467,17235
DA:468,17235
DA:469,0
DA:476,17235
DA:477,17235
DA:481,17235
DA:482,17084
DA:483,10884
DA:487,10884
DA:489,10884
DA:490,10884
DA:491,10884
DA:496,17235
DA:497,15515
DA:498,12568
DA:502,12568
DA:504,23452
DA:505,12568
DA:506,12568
DA:510,17235
DA:511,12256
DA:513,11637
DA:516,11637
DA:519,619
DA:522,619
DA:526,0
DA:535,17235
DA:536,16313
DA:539,16313
DA:542,10156
DA:544,10156
DA:545,10156
DA:546,10156
DA:550,16313
DA:553,8562
DA:555,8562
DA:556,8562
DA:557,8562
DA:561,16313
DA:564,7694
DA:566,26417
DA:567,7694
DA:568,7694
DA:573,0
DA:586,5
DA:587,5
DA:588,0
DA:596,5
DA:599,5
DA:602,5
DA:604,5
DA:605,5
DA:609,5
DA:612,17096
DA:614,17096
DA:615,17096
DA:625,5
DA:626,5
DA:628,5
DA:629,5
DA:630,5
DA:633,5
DA:634,5
DA:635,5
DA:636,5
DA:637,5
DA:641,5
DA:642,0
DA:643,0
DA:644,0
DA:645,0
DA:649,5
DA:650,0
DA:651,0
DA:652,0
DA:653,0
DA:656,5
DA:657,0
DA:660,29596
DA:665,0
DA:666,0
DA:670,0
DA:671,0
DA:674,0
DA:675,0
DA:676,0
DA:677,0
DA:678,0
DA:682,0
DA:683,0
DA:684,0
DA:685,0
DA:686,0
DA:690,0
DA:691,0
DA:692,0
DA:693,0
DA:694,0
DA:698,0
DA:699,0
DA:702,0
DA:707,0
DA:708,0
DA:710,0
DA:712,0
DA:714,0
DA:718,0
DA:720,0
DA:724,0
DA:725,0
DA:727,0
DA:729,0
DA:731,0
DA:735,0
DA:737,0
DA:742,0
DA:744,0
DA:745,0
DA:747,0
DA:749,0
DA:751,0
DA:752,0
DA:757,17208
DA:769,0
DA:770,0
DA:773,0
DA:775,0
DA:780,0
DA:782,0
DA:787,0
DA:788,0
DA:790,0
DA:794,0
DA:798,0
DA:803,0
DA:804,0
DA:805,0
DA:806,0
DA:810,0
DA:824,0
DA:825,0
DA:830,0
DA:834,0
DA:838,0
DA:840,0
DA:844,0
DA:845,0
DA:847,0
DA:850,0
DA:854,0
DA:855,0
DA:856,0
DA:857,0
DA:861,0
DA:871,0
DA:872,0
DA:875,0
DA:877,0
DA:880,0
DA:883,0
DA:884,0
DA:888,0
DA:889,0
DA:891,0
DA:894,0
DA:897,0
DA:904,0
DA:918,0
DA:919,0
DA:922,0
DA:923,0
DA:925,0
DA:926,0
DA:929,0
DA:931,0
DA:932,0
DA:935,0
DA:936,0
DA:940,0
DA:944,0
DA:948,0
DA:955,0
DA:969,0
DA:970,0
DA:973,0
DA:977,0
DA:981,0
DA:983,0
DA:987,0
DA:991,0
DA:994,0
DA:998,0
DA:1005,0
DA:1015,0
DA:1016,0
DA:1017,0
DA:1019,0
DA:1023,0
DA:1024,0
DA:1027,0
DA:1029,0
DA:1033,0
DA:1034,0
DA:1037,0
DA:1040,0
DA:1044,0
DA:1045,0
DA:1046,0
DA:1047,0
DA:1049,0
DA:1055,0
DA:1065,0
DA:1067,0
DA:1077,0
DA:1079,0
DA:1086,0
DA:1088,0
DA:1096,1
DA:1097,0
DA:1099,1
DA:1105,1
DA:1106,0
DA:1108,1
DA:1114,1
DA:1117,1
DA:1123,1
DA:1124,0
DA:1125,1
DA:1126,1
DA:1132,1
DA:1133,0
DA:1134,1
DA:1135,1
DA:1139,1
DA:1140,0
DA:1142,1
DA:1146,1
DA:1147,0
DA:1149,1
DA:1153,29591
DA:1154,0
DA:1157,29591
DA:1158,3096
DA:1159,0
DA:1165,29591
DA:1169,1
DA:1170,0
DA:1172,1
DA:1178,1
DA:1181,1
DA:1182,0
DA:1184,1
DA:1190,1
DA:1193,1
DA:1196,1
DA:1202,1
DA:1203,0
DA:1205,1
DA:1206,0
DA:1208,1
DA:1212,108
DA:1219,4
DA:1223,186129
DA:1224,59921
DA:1226,126208
DA:1233,0
DA:1255,0
DA:1259,35787
DA:1267,0
DA:1271,0
DA:1287,53978
DA:1297,0
DA:1301,31656
DA:1305,31656
DA:1313,108318
DA:1323,0
DA:1331,65301
DA:1335,43017
DA:1339,43017
DA:1343,0
DA:1356,104546
DA:1357,104546
DA:1358,104546
DA:1363,610630
DA:1364,610630
DA:1365,610630
DA:1369,0
DA:1377,0
DA:1393,0
DA:1397,0
FN:179,_isWhiteListed
FNDA:1,_isWhiteListed
FN:190,_onlyLoanEngine
FNDA:1,_onlyLoanEngine
FN:201,_isWhiteListedForEquityTranche
FNDA:1,_isWhiteListedForEquityTranche
FN:214,depositSeniorTranche
FNDA:1,depositSeniorTranche
FN:264,depositJuniorTranche
FNDA:1,depositJuniorTranche
FN:303,depositEquityTranche
FNDA:1,depositEquityTranche
FN:346,allocateCapital
FNDA:1,allocateCapital
FN:450,onInterestAccrued
FNDA:1,onInterestAccrued
FN:464,onRepayment
FNDA:1,onRepayment
FN:583,onLoss
FNDA:1,onLoss
FN:665,onRecovery
FNDA:0,onRecovery
FN:706,claimSeniorInterest
FNDA:0,claimSeniorInterest
FN:723,claimJuniorInterest
FNDA:0,claimJuniorInterest
FN:740,claimEquityInterest
FNDA:1,claimEquityInterest
FN:767,withdrawSeniorTranche
FNDA:0,withdrawSeniorTranche
FN:822,withdrawJuniorTranche
FNDA:0,withdrawJuniorTranche
FN:869,withdrawEquityTranche
FNDA:0,withdrawEquityTranche
FN:916,withdrawSeniorTrancheByAmount
FNDA:0,withdrawSeniorTrancheByAmount
FN:967,withdrawJuniorTrancheByAmount
FNDA:0,withdrawJuniorTrancheByAmount
FN:1013,withdrawEquityTrancheByAmount
FNDA:0,withdrawEquityTrancheByAmount
FN:1062,getSeniorTrancheBalance
FNDA:0,getSeniorTrancheBalance
FN:1074,getJuniorTrancheBalance
FNDA:0,getJuniorTrancheBalance
FN:1083,getEquityTrancheBalance
FNDA:0,getEquityTrancheBalance
FN:1093,setMinimumDepositAmountJuniorTranche
FNDA:1,setMinimumDepositAmountJuniorTranche
FN:1102,setMinimumDepositAmountSeniorTranche
FNDA:1,setMinimumDepositAmountSeniorTranche
FN:1111,setMinimumDepositAmountEquityTranche
FNDA:1,setMinimumDepositAmountEquityTranche
FN:1120,setTrancheCapitalAllocationFactorSenior
FNDA:1,setTrancheCapitalAllocationFactorSenior
FN:1129,setTrancheCapitalAllocationFactorJunior
FNDA:1,setTrancheCapitalAllocationFactorJunior
FN:1138,setSeniorAPR
FNDA:1,setSeniorAPR
FN:1145,setTargetJuniorAPR
FNDA:1,setTargetJuniorAPR
FN:1152,setPoolState
FNDA:1,setPoolState
FN:1168,setLoanEngine
FNDA:1,setLoanEngine
FN:1175,setMaxAllocationCapSeniorTranche
FNDA:1,setMaxAllocationCapSeniorTranche
FN:1187,setMaxAllocationCapJuniorTranche
FNDA:1,setMaxAllocationCapJuniorTranche
FN:1199,setMaxAllocationCapEquityTranche
FNDA:1,setMaxAllocationCapEquityTranche
FN:1211,updateWhitelist
FNDA:1,updateWhitelist
FN:1215,updateEquityTrancheWhiteList
FNDA:1,updateEquityTrancheWhiteList
FN:1222,_minimum
FNDA:1,_minimum
FN:1232,getTotalUnclaimedInterest
FNDA:0,getTotalUnclaimedInterest
FN:1236,getSeniorTrancheMaxDepositCap
FNDA:0,getSeniorTrancheMaxDepositCap
FN:1240,getSeniorTrancheMinimumDepositAmount
FNDA:0,getSeniorTrancheMinimumDepositAmount
FN:1248,getSeniorTrancheShares
FNDA:0,getSeniorTrancheShares
FN:1254,getTotalSeniorShares
FNDA:0,getTotalSeniorShares
FN:1258,getSeniorTrancheIdleValue
FNDA:1,getSeniorTrancheIdleValue
FN:1262,getSeniorTrancheDeployedValue
FNDA:0,getSeniorTrancheDeployedValue
FN:1266,getSeniorInterestIndex
FNDA:0,getSeniorInterestIndex
FN:1270,getSeniorUserIndex
FNDA:0,getSeniorUserIndex
FN:1274,getJuniorTrancheMaxDepositCap
FNDA:0,getJuniorTrancheMaxDepositCap
FN:1278,getJuniorInterestIndex
FNDA:0,getJuniorInterestIndex
FN:1282,getJuniorTrancheMinimumDepositAmount
FNDA:1,getJuniorTrancheMinimumDepositAmount
FN:1290,getJuniorTrancheShares
FNDA:0,getJuniorTrancheShares
FN:1296,getTotalJuniorShares
FNDA:0,getTotalJuniorShares
FN:1300,getJuniorTrancheIdleValue
FNDA:1,getJuniorTrancheIdleValue
FN:1304,getJuniorTrancheDeployedValue
FNDA:1,getJuniorTrancheDeployedValue
FN:1308,getJuniorUserIndex
FNDA:0,getJuniorUserIndex
FN:1312,getEquityTrancheMaxDepositCap
FNDA:1,getEquityTrancheMaxDepositCap
FN:1316,getEquityTrancheShares
FNDA:0,getEquityTrancheShares
FN:1322,getTotalEquityShares
FNDA:0,getTotalEquityShares
FN:1326,getEquityTrancheMinimumDepositAmount
FNDA:1,getEquityTrancheMinimumDepositAmount
FN:1334,getEquityTrancheIdleValue
FNDA:1,getEquityTrancheIdleValue
FN:1338,getEquityTrancheDeployedValue
FNDA:1,getEquityTrancheDeployedValue
FN:1342,getEquityInterestIndex
FNDA:0,getEquityInterestIndex
FN:1346,getEquityUserIndex
FNDA:0,getEquityUserIndex
FN:1350,getPoolState
FNDA:0,getPoolState
FN:1354,getTotalDeployedValue
FNDA:1,getTotalDeployedValue
FN:1361,getTotalIdleValue
FNDA:1,getTotalIdleValue
FN:1368,getSeniorAllocationRatio
FNDA:0,getSeniorAllocationRatio
FN:1372,getJuniorAllocationRatio
FNDA:0,getJuniorAllocationRatio
FN:1376,getTotalDeposited
FNDA:0,getTotalDeposited
FN:1380,getTotalLoss
FNDA:0,getTotalLoss
FN:1384,getTotalRecovered
FNDA:0,getTotalRecovered
FN:1388,getProtocolRevenue
FNDA:0,getProtocolRevenue
FN:1392,getSeniorPrincipalShortfall
FNDA:0,getSeniorPrincipalShortfall
FN:1396,getJuniorPrincipalShortfall
FNDA:0,getJuniorPrincipalShortfall
FN:1400,getEquityPrincipalShortfall
FNDA:0,getEquityPrincipalShortfall
end_of_record
SF:/Users/admin/Desktop/credit_rail/contracts/src/interfaces/ICreditPolicy.sol
end_of_record
SF:/Users/admin/Desktop/credit_rail/contracts/src/interfaces/ITranchePool.sol
end_of_record
SF:/Users/admin/Desktop/credit_rail/contracts/src/interfaces/IVerifier.sol
end_of_record
SF:/Users/admin/Desktop/credit_rail/contracts/test/medusa/MedusaTest.sol
DA:13,821
DA:14,2946
DA:16,2269
DA:17,1
DA:18,35
DA:19,1137
DA:22,99
DA:23,45
DA:24,31
DA:25,1189
DA:26,48
DA:27,1022
DA:28,706
DA:31,40
DA:32,37
DA:33,841
DA:36,37287
DA:37,32512
DA:38,43017
DA:39,83793
DA:42,2377
DA:43,503
DA:44,1186
DA:45,32
DA:46,49
DA:47,32
DA:48,35
DA:51,107130
DA:55,1
DA:56,1
DA:59,1
DA:60,1
DA:61,1
DA:62,1
DA:63,1
DA:64,1
DA:65,1
DA:66,1
DA:67,1
DA:68,1
DA:71,1
DA:72,1
DA:73,1
DA:74,1
DA:75,1
DA:76,1
DA:77,1
DA:78,1
DA:79,1
DA:80,1
DA:81,1
DA:84,1
DA:88,1
DA:92,1
DA:93,1
DA:96,1
DA:97,1
DA:98,1
DA:99,1
DA:102,100
DA:103,99
DA:104,99
DA:105,49
DA:106,49
DA:108,50
DA:109,50
DA:111,33
DA:112,0
DA:116,10
DA:117,9
DA:118,9
DA:119,4
DA:120,4
DA:122,5
DA:123,5
DA:127,5
DA:128,4
DA:129,4
DA:130,4
DA:133,21
DA:134,20
DA:137,1
DA:145,111097
DA:147,35787
DA:150,35787
DA:151,35787
DA:154,35787
DA:155,35787
DA:157,35787
DA:159,22521
DA:162,22521
DA:163,22521
DA:165,22521
DA:166,22521
DA:167,22521
DA:170,22521
DA:174,112929
DA:176,31656
DA:179,31656
DA:180,31656
DA:183,31656
DA:184,31656
DA:186,31656
DA:188,22322
DA:191,22322
DA:192,22322
DA:194,22322
DA:195,22322
DA:196,67079
DA:199,67079
DA:203,111460
DA:205,43017
DA:208,43017
DA:209,43017
DA:212,43017
DA:213,43017
DA:215,43017
DA:217,22284
DA:220,22284
DA:221,22236
DA:223,22236
DA:224,22236
DA:225,22236
DA:228,22236
DA:232,26495
DA:233,34817
DA:234,26495
DA:235,26495
DA:245,121195
DA:246,78861
DA:249,83217
DA:251,83217
DA:252,83217
DA:253,287
DA:256,0
DA:257,0
DA:261,83217
DA:266,82930
DA:269,82930
DA:270,63201
DA:275,82930
DA:276,82930
DA:279,82930
DA:281,82930
DA:285,82930
DA:290,82930
DA:291,82930
DA:301,82930
DA:305,82930
DA:315,149921
DA:317,64787
DA:319,64787
DA:320,64787
DA:322,36127
DA:323,134011
DA:325,35303
DA:327,35303
DA:329,35303
DA:330,35303
DA:331,52538
DA:335,107787
DA:337,56156
DA:339,56156
DA:340,56156
DA:342,17933
DA:344,17933
DA:345,17933
DA:347,17933
DA:349,17933
DA:352,38279
DA:354,17235
DA:357,20994
DA:360,17235
DA:364,17235
DA:365,17235
DA:368,17235
DA:370,17235
DA:373,17235
DA:374,17235
DA:375,17235
DA:379,107130
DA:380,107130
DA:384,254672
DA:386,61429
DA:387,61429
DA:389,971
DA:391,971
DA:392,479327
DA:394,254672
DA:398,102093
DA:400,54591
DA:402,54591
DA:404,54591
DA:407,5
DA:409,5
DA:411,5
DA:412,5
DA:413,5
DA:417,107691
DA:419,54228
DA:421,54228
DA:423,54228
DA:424,54228
DA:426,0
DA:428,0
DA:429,0
DA:432,0
DA:434,0
DA:435,0
DA:439,101450
DA:440,98354
DA:442,3096
DA:450,1233601
DA:451,0
DA:455,8432
DA:459,0
DA:460,8467
DA:462,0
DA:463,265906
DA:464,0
DA:467,0
DA:471,1233601
DA:472,0
DA:473,0
DA:474,0
DA:478,562572
DA:479,0
DA:480,0
DA:481,0
DA:485,0
DA:486,0
DA:487,0
DA:489,0
DA:490,0
DA:492,0
DA:497,461122
DA:498,0
DA:499,0
DA:500,0
DA:504,0
DA:505,0
DA:507,0
DA:511,0
DA:512,0
DA:513,0
DA:515,0
DA:516,0
DA:517,0
DA:520,0
DA:521,0
DA:522,0
DA:525,0
DA:526,0
DA:529,0
DA:533,8467
DA:534,0
DA:535,0
DA:539,1694
DA:540,0
DA:541,0
DA:542,0
DA:544,1694
DA:548,0
DA:549,0
DA:550,0
DA:551,0
DA:552,0
DA:554,0
DA:555,0
DA:558,0
DA:566,35168
DA:568,35168
DA:569,35168
DA:571,35168
DA:576,1
DA:588,1
DA:589,1
DA:591,1
DA:597,1
DA:598,1
DA:604,1
DA:611,1
DA:626,1
DA:628,1
DA:630,1
DA:636,359250
DA:637,359250
DA:638,298322
DA:639,9653
DA:643,82930
DA:648,84314
DA:652,84314
FN:144,depositSenior
FNDA:1,depositSenior
FN:173,depositJunior
FNDA:1,depositJunior
FN:202,depositEquity
FNDA:1,depositEquity
FN:231,commitPool
FNDA:1,commitPool
FN:239,createLoan
FNDA:1,createLoan
FN:314,activateLoan
FNDA:1,activateLoan
FN:334,repayLoan
FNDA:1,repayLoan
FN:378,warpTime
FNDA:1,warpTime
FN:383,maybeDeclareDefault
FNDA:1,maybeDeclareDefault
FN:397,maybeWriteOffLoan
FNDA:1,maybeWriteOffLoan
FN:416,maybeRecoverLoan
FNDA:1,maybeRecoverLoan
FN:438,mayClosePool
FNDA:1,mayClosePool
FN:449,invariant_totalValueBalance
FNDA:1,invariant_totalValueBalance
FN:454,invariant_deployedMatchesOutstanding
FNDA:1,invariant_deployedMatchesOutstanding
FN:458,invariant_principalIntegrity
FNDA:1,invariant_principalIntegrity
FN:470,invariant_tokenBalance
FNDA:1,invariant_tokenBalance
FN:477,invariant_trancheSum
FNDA:1,invariant_trancheSum
FN:484,invariant_waterfallSymmetry
FNDA:0,invariant_waterfallSymmetry
FN:496,invariant_idleIntegrity
FNDA:1,invariant_idleIntegrity
FN:503,invariant_seniorShareOpen
FNDA:0,invariant_seniorShareOpen
FN:510,invariant_loanState
FNDA:0,invariant_loanState
FN:532,invariant_interestMonotonicity
FNDA:1,invariant_interestMonotonicity
FN:538,invariant_poolState
FNDA:1,invariant_poolState
FN:547,invariant_interestAccounting
FNDA:0,invariant_interestAccounting
FN:565,_accrueInterest
FNDA:1,_accrueInterest
FN:575,_createEligibilityCriteria
FNDA:1,_createEligibilityCriteria
FN:586,_createFinancialRatios
FNDA:1,_createFinancialRatios
FN:595,_createConcentrationLimits
FNDA:1,_createConcentrationLimits
FN:602,_createAttestationRequirements
FNDA:1,_createAttestationRequirements
FN:610,_createMaintenanceCovenants
FNDA:1,_createMaintenanceCovenants
FN:620,_createMockTier
FNDA:1,_createMockTier
FN:635,_bound
FNDA:1,_bound
FN:642,_min
FNDA:1,_min
FN:647,_impersonate
FNDA:1,_impersonate
FN:651,_stopImpersonate
FNDA:1,_stopImpersonate
end_of_record
SF:/Users/admin/Desktop/credit_rail/contracts/test/mocks/MockLoanProofVerifier.sol
DA:4,1
DA:9,82930
FN:5,verify
FNDA:1,verify
end_of_record
