TN:
SF:/Users/admin/Desktop/credit_rail/contracts/lib/openzeppelin-contracts/contracts/access/Ownable.sol
DA:1,0
DA:39,3
DA:40,0
DA:48,49
DA:57,1
DA:63,2
DA:64,3
DA:65,0
DA:85,0
DA:86,0
DA:98,3
end_of_record

SF:/Users/admin/Desktop/credit_rail/contracts/lib/openzeppelin-contracts/contracts/interfaces/IERC1363.sol
end_of_record

SF:/Users/admin/Desktop/credit_rail/contracts/lib/openzeppelin-contracts/contracts/interfaces/IERC165.sol
end_of_record

SF:/Users/admin/Desktop/credit_rail/contracts/lib/openzeppelin-contracts/contracts/interfaces/IERC20.sol
end_of_record

SF:/Users/admin/Desktop/credit_rail/contracts/lib/openzeppelin-contracts/contracts/interfaces/draft-IERC6093.sol
end_of_record

SF:/Users/admin/Desktop/credit_rail/contracts/lib/openzeppelin-contracts/contracts/mocks/token/ERC20Mock.sol
DA:6,575
end_of_record

SF:/Users/admin/Desktop/credit_rail/contracts/lib/openzeppelin-contracts/contracts/token/ERC20/ERC20.sol
DA:45,4
DA:53,0
DA:78,0
DA:83,0
DA:101,4
DA:145,7
DA:159,2
DA:160,13
DA:163,4
DA:179,2
DA:182,5
DA:183,0
DA:194,0
DA:203,2
DA:215,4
DA:216,0
DA:230,0
DA:231,0
DA:274,7
DA:275,0
DA:277,7
DA:278,0
DA:282,3
DA:296,8
DA:297,5
DA:298,0
end_of_record

SF:/Users/admin/Desktop/credit_rail/contracts/lib/openzeppelin-contracts/contracts/token/ERC20/IERC20.sol
end_of_record

SF:/Users/admin/Desktop/credit_rail/contracts/lib/openzeppelin-contracts/contracts/token/ERC20/extensions/IERC20Metadata.sol
end_of_record

SF:/Users/admin/Desktop/credit_rail/contracts/lib/openzeppelin-contracts/contracts/token/ERC20/utils/SafeERC20.sol
DA:18,0
DA:33,5
DA:34,4
DA:35,0
DA:43,5
DA:44,4
DA:45,0
DA:177,4
DA:179,25
DA:221,38
end_of_record

SF:/Users/admin/Desktop/credit_rail/contracts/lib/openzeppelin-contracts/contracts/utils/Context.sol
DA:18,9
end_of_record

SF:/Users/admin/Desktop/credit_rail/contracts/lib/openzeppelin-contracts/contracts/utils/ReentrancyGuard.sol
DA:37,1
DA:51,2
DA:69,9
DA:89,2
DA:90,0
DA:94,2
DA:113,1
end_of_record

SF:/Users/admin/Desktop/credit_rail/contracts/lib/openzeppelin-contracts/contracts/utils/StorageSlot.sol
DA:34,0
end_of_record

SF:/Users/admin/Desktop/credit_rail/contracts/lib/openzeppelin-contracts/contracts/utils/introspection/IERC165.sol
end_of_record

SF:/Users/admin/Desktop/credit_rail/contracts/src/CreditPolicy.sol
DA:10,1769
DA:27,42
DA:32,2
DA:33,5
DA:37,35
DA:41,4
DA:42,12
DA:43,0
DA:47,40
DA:51,2
DA:52,4
DA:65,1
DA:81,0
DA:93,0
DA:111,0
DA:112,0
DA:113,2
DA:123,0
DA:139,0
DA:152,0
DA:157,0
DA:158,0
DA:160,0
DA:161,0
DA:162,0
DA:163,0
DA:164,0
DA:165,0
DA:204,2
DA:212,4
DA:213,0
DA:215,2
DA:216,0
DA:220,1
DA:221,2
DA:222,2
DA:228,4
DA:229,0
DA:231,3
DA:232,0
DA:234,2
DA:235,35
DA:236,2
DA:237,2
DA:238,2
DA:239,2
DA:240,2
DA:242,0
DA:244,4
DA:245,0
DA:249,2
DA:250,2
DA:256,0
DA:257,0
DA:258,0
DA:268,2
DA:269,2
DA:270,1
DA:271,2
DA:281,1
DA:282,2
DA:283,1
DA:284,2
DA:294,1
DA:295,2
DA:296,1
DA:297,2
DA:307,1
DA:308,2
DA:309,1
DA:310,2
DA:320,1
DA:321,2
DA:322,1
DA:323,2
DA:334,6
DA:335,0
DA:337,2
DA:339,8
DA:342,1
DA:343,2
DA:344,2
DA:354,0
DA:355,0
DA:357,0
DA:358,0
DA:359,0
DA:366,0
DA:367,0
DA:369,0
DA:370,0
DA:371,0
DA:382,1
DA:383,1
DA:384,2
DA:386,5
DA:390,0
DA:391,0
DA:395,0
DA:401,0
DA:416,4
DA:417,0
DA:420,3
DA:431,1
end_of_record

SF:/Users/admin/Desktop/credit_rail/contracts/src/LoanEngine.sol
DA:12,2383
DA:56,5
DA:57,0
DA:67,4
DA:68,0
DA:78,5
DA:79,0
DA:89,4
DA:90,0
DA:98,0
DA:99,0
DA:100,0
DA:102,0
DA:105,0
DA:108,0
DA:110,0
DA:111,1
DA:112,0
DA:113,0
DA:114,0
DA:200,5
DA:202,1
DA:203,1
DA:204,1
DA:205,1
DA:227,9
DA:228,0
DA:231,36
DA:232,0
DA:235,36
DA:236,0
DA:239,36
DA:240,0
DA:243,5
DA:244,0
DA:247,47
DA:248,0
DA:251,2
DA:252,41
DA:253,40
DA:255,0
DA:258,23
DA:259,0
DA:267,7
DA:268,0
DA:275,37
DA:276,0
DA:279,89
DA:303,2
DA:308,1
DA:332,7
DA:333,0
DA:335,6
DA:336,9
DA:337,3
DA:338,13
DA:339,1
DA:341,5
DA:342,4
DA:346,43
DA:347,0
DA:350,10
DA:351,37
DA:358,3
DA:360,3
DA:362,4
DA:383,8
DA:384,0
DA:387,4
DA:388,5
DA:389,0
DA:392,7
DA:395,1
DA:397,3
DA:398,4
DA:402,2
DA:403,12
DA:408,4
DA:409,6
DA:411,15
DA:416,4
DA:417,7
DA:418,4
DA:420,9
DA:421,2
DA:423,7
DA:427,33
DA:429,4
DA:433,2
DA:436,6
DA:437,2
DA:447,6
DA:448,0
DA:450,5
DA:452,3
DA:458,7
DA:459,0
DA:461,4
DA:462,3
DA:463,5
DA:464,0
DA:470,31
DA:471,3
DA:480,7
DA:481,0
DA:483,4
DA:484,0
DA:486,9
DA:487,1
DA:489,2
DA:490,4
DA:492,29
DA:493,3
DA:496,3
DA:498,3
DA:499,8
DA:500,0
DA:502,12
DA:503,7
DA:505,0
DA:508,9
DA:509,4
DA:510,1
DA:512,8
DA:513,7
DA:514,2
DA:515,9
DA:516,4
DA:518,6
DA:519,3
DA:520,26
DA:534,1
DA:541,2
DA:548,3
DA:555,2
DA:562,2
DA:570,1
end_of_record

SF:/Users/admin/Desktop/credit_rail/contracts/src/TranchePool.sol
DA:7,2338
DA:103,0
DA:104,0
DA:107,0
DA:109,0
DA:123,1
DA:128,1
DA:134,1
DA:135,0
DA:139,0
DA:140,0
DA:143,0
DA:144,0
DA:148,0
DA:150,0
DA:151,0
DA:153,0
DA:154,0
DA:155,4
DA:157,1
DA:158,1
DA:161,1
DA:163,1
DA:164,1
DA:166,3
DA:170,1
DA:175,8
DA:179,3
DA:180,3
DA:181,0
DA:186,20
DA:187,3
DA:190,3
DA:191,5
DA:192,0
DA:197,4
DA:201,3
DA:202,4
DA:203,0
DA:207,4
DA:208,2
DA:209,4
DA:210,1
DA:211,1
DA:216,7
DA:219,3
DA:220,0
DA:222,4
DA:225,5
DA:226,0
DA:232,14
DA:233,0
DA:245,1
DA:247,2
DA:248,5
DA:251,5
DA:252,6
DA:253,4
DA:254,2
DA:255,6
DA:256,3
DA:260,1
DA:266,7
DA:267,3
DA:268,0
DA:270,5
DA:271,0
DA:274,14
DA:275,0
DA:283,1
DA:285,2
DA:286,5
DA:289,4
DA:290,6
DA:291,4
DA:292,2
DA:293,6
DA:295,3
DA:299,1
DA:305,7
DA:306,3
DA:309,5
DA:313,14
DA:322,1
DA:324,2
DA:325,5
DA:327,5
DA:328,6
DA:329,4
DA:330,2
DA:331,6
DA:333,3
DA:337,1
DA:351,1
DA:352,3
DA:353,20
DA:355,0
DA:358,6
DA:361,16
DA:362,3
DA:363,3
DA:365,4
DA:369,6
DA:370,1
DA:372,6
DA:373,1
DA:375,14
DA:377,6
DA:379,8
DA:381,8
DA:383,14
DA:385,5
DA:388,9
DA:389,0
DA:391,0
DA:393,0
DA:394,0
DA:398,9
DA:399,0
DA:401,0
DA:403,0
DA:404,0
DA:408,9
DA:409,0
DA:411,0
DA:413,0
DA:414,0
DA:418,3
DA:422,7
DA:423,2
DA:424,2
DA:427,4
DA:428,4
DA:429,4
DA:431,6
DA:432,6
DA:433,6
DA:435,6
DA:437,8
DA:438,5
DA:441,2
DA:445,1
DA:450,3
DA:454,1
DA:455,4
DA:457,6
DA:458,4
DA:459,12
DA:467,1
DA:468,9
DA:469,0
DA:476,1
DA:477,6
DA:480,6
DA:481,15
DA:482,3
DA:483,3
DA:485,5
DA:487,2
DA:489,2
DA:490,14
DA:491,4
DA:495,5
DA:496,16
DA:497,3
DA:498,3
DA:500,6
DA:502,2
DA:504,6
DA:505,10
DA:506,4
DA:510,12
DA:511,6
DA:512,6
DA:513,7
DA:515,11
DA:516,2
DA:519,0
DA:521,3
DA:522,1
DA:526,0
DA:535,14
DA:536,1
DA:539,16
DA:540,6
DA:542,2
DA:544,2
DA:545,6
DA:546,4
DA:550,18
DA:551,3
DA:553,2
DA:555,2
DA:556,6
DA:557,5
DA:561,17
DA:562,4
DA:564,2
DA:566,6
DA:567,6
DA:568,5
DA:572,2
DA:573,0
DA:586,2
DA:587,9
DA:588,0
DA:596,1
DA:599,18
DA:600,6
DA:602,2
DA:604,2
DA:605,4
DA:609,18
DA:610,3
DA:612,2
DA:614,2
DA:615,5
DA:625,6
DA:626,1
DA:628,1
DA:629,1
DA:630,1
DA:633,17
DA:634,9
DA:635,8
DA:636,6
DA:637,4
DA:641,18
DA:642,6
DA:643,9
DA:644,6
DA:645,5
DA:649,17
DA:650,6
DA:651,9
DA:652,6
DA:653,5
DA:656,3
DA:657,0
DA:660,10
DA:665,1
DA:666,4
DA:670,6
DA:671,1
DA:674,8
DA:675,5
DA:676,2
DA:677,6
DA:678,5
DA:682,17
DA:683,5
DA:684,2
DA:685,4
DA:686,3
DA:690,17
DA:691,5
DA:692,2
DA:693,4
DA:694,3
DA:698,3
DA:699,0
DA:702,3
DA:707,0
DA:708,0
DA:710,0
DA:712,0
DA:714,0
DA:718,0
DA:720,0
DA:724,0
DA:725,0
DA:727,0
DA:729,0
DA:731,0
DA:735,0
DA:737,0
DA:742,0
DA:744,0
DA:745,0
DA:747,0
DA:749,0
DA:751,0
DA:752,0
DA:757,1
DA:769,0
DA:770,0
DA:773,0
DA:775,0
DA:780,0
DA:782,0
DA:787,0
DA:788,0
DA:790,0
DA:794,0
DA:798,0
DA:803,0
DA:804,0
DA:805,0
DA:806,0
DA:810,0
DA:824,0
DA:825,0
DA:830,0
DA:834,0
DA:838,0
DA:840,0
DA:844,0
DA:845,0
DA:847,0
DA:850,0
DA:854,0
DA:855,0
DA:856,0
DA:857,0
DA:861,0
DA:871,0
DA:872,0
DA:875,0
DA:877,0
DA:880,0
DA:883,0
DA:884,0
DA:888,0
DA:889,0
DA:891,0
DA:894,0
DA:897,0
DA:904,0
DA:918,0
DA:919,0
DA:922,0
DA:923,0
DA:925,0
DA:926,0
DA:929,0
DA:931,0
DA:932,0
DA:935,0
DA:936,0
DA:940,0
DA:944,0
DA:948,0
DA:955,0
DA:969,0
DA:970,0
DA:973,0
DA:977,0
DA:981,0
DA:983,0
DA:987,0
DA:991,0
DA:994,0
DA:998,0
DA:1005,0
DA:1015,0
DA:1016,0
DA:1017,0
DA:1019,0
DA:1023,0
DA:1024,0
DA:1027,0
DA:1029,0
DA:1033,0
DA:1034,0
DA:1037,0
DA:1040,0
DA:1044,0
DA:1045,0
DA:1046,0
DA:1047,0
DA:1049,0
DA:1051,4
DA:1055,0
DA:1062,0
DA:1065,0
DA:1067,0
DA:1074,2
DA:1077,0
DA:1079,1
DA:1083,0
DA:1086,0
DA:1088,0
DA:1096,5
DA:1097,0
DA:1099,1
DA:1105,5
DA:1106,0
DA:1108,1
DA:1114,5
DA:1117,1
DA:1123,10
DA:1124,0
DA:1125,1
DA:1126,2
DA:1132,10
DA:1133,0
DA:1134,1
DA:1135,2
DA:1139,4
DA:1140,0
DA:1142,1
DA:1146,4
DA:1147,0
DA:1149,1
DA:1153,7
DA:1154,0
DA:1157,7
DA:1158,6
DA:1159,0
DA:1165,8
DA:1169,4
DA:1170,0
DA:1172,1
DA:1178,4
DA:1181,5
DA:1182,0
DA:1184,1
DA:1190,4
DA:1193,5
DA:1196,1
DA:1202,4
DA:1203,0
DA:1205,5
DA:1206,0
DA:1208,1
DA:1212,2
DA:1219,2
DA:1222,1
DA:1223,7
DA:1224,3
DA:1226,4
DA:1233,1
DA:1255,1
DA:1259,1
DA:1267,1
DA:1271,0
DA:1287,1
DA:1297,0
DA:1301,1
DA:1305,1
DA:1313,1
DA:1323,0
DA:1331,1
DA:1335,1
DA:1339,1
DA:1343,1
DA:1354,1
DA:1356,10
DA:1357,1
DA:1358,1
DA:1363,11
DA:1364,1
DA:1365,1
DA:1369,0
DA:1377,1
DA:1393,1
DA:1397,1
end_of_record

SF:/Users/admin/Desktop/credit_rail/contracts/src/interfaces/ICreditPolicy.sol
end_of_record

SF:/Users/admin/Desktop/credit_rail/contracts/src/interfaces/ITranchePool.sol
end_of_record

SF:/Users/admin/Desktop/credit_rail/contracts/src/interfaces/IVerifier.sol
end_of_record

SF:/Users/admin/Desktop/credit_rail/contracts/test/fuzz/echidna/EchidnaHandler.sol
DA:15,2651
DA:22,1
DA:23,0
DA:27,502
DA:30,4
DA:31,4
DA:32,2
DA:33,66
DA:34,0
DA:37,37
DA:42,1
DA:43,0
DA:44,0
DA:45,0
DA:46,0
DA:47,0
DA:48,0
DA:50,21
DA:51,0
DA:52,0
DA:53,0
DA:61,49
DA:64,26
DA:67,103
DA:68,28
DA:69,28
DA:70,30
DA:71,28
DA:72,31
DA:73,30
DA:74,29
DA:75,29
DA:76,28
DA:79,27
DA:82,41
DA:86,33
DA:93,28
DA:94,28
DA:97,35
DA:98,28
DA:99,28
DA:100,28
DA:101,28
DA:102,28
DA:105,28
DA:112,28
DA:113,28
DA:115,56
DA:119,2
DA:124,34
DA:125,2
DA:126,3
DA:128,1
DA:131,30
DA:132,1
DA:133,1
DA:136,32
DA:137,2
DA:142,36
DA:150,51
DA:155,1
DA:157,1
DA:159,1
DA:163,29
DA:164,28
DA:169,34
DA:170,34
DA:174,32
DA:175,29
DA:176,4
DA:179,34
DA:180,34
DA:184,28
DA:185,29
DA:186,4
DA:189,34
DA:190,34
DA:194,35
DA:195,29
DA:196,4
DA:203,6
DA:204,53
DA:206,36
DA:207,36
DA:208,41
DA:209,34
DA:211,13
DA:213,0
DA:214,0
DA:216,0
DA:218,6
DA:219,0
DA:220,0
DA:224,6
DA:225,53
DA:227,36
DA:228,36
DA:229,41
DA:230,34
DA:232,6
DA:234,0
DA:235,0
DA:237,0
DA:239,0
DA:240,0
DA:245,6
DA:246,53
DA:248,36
DA:249,36
DA:250,41
DA:251,34
DA:253,6
DA:255,0
DA:256,0
DA:258,0
DA:260,0
DA:261,0
DA:270,5
DA:271,56
DA:272,42
DA:274,34
DA:275,34
DA:279,3
DA:280,47
DA:281,37
DA:283,15
DA:290,9
DA:291,72
DA:292,17
DA:298,40
DA:299,0
DA:307,40
DA:309,6
DA:312,31
DA:315,44
DA:316,32
DA:319,8
DA:320,5
DA:322,40
DA:324,20
DA:325,35
DA:326,14
DA:327,11
DA:329,24
DA:344,9
DA:345,74
DA:346,39
DA:348,45
DA:349,7
DA:351,29
DA:352,23
DA:354,48
DA:356,30
DA:357,6
DA:358,4
DA:359,6
DA:363,9
DA:364,62
DA:365,39
DA:367,37
DA:368,8
DA:373,8
DA:375,6
DA:376,7
DA:378,6
DA:380,7
DA:381,5
DA:384,9
DA:385,19
DA:386,9
DA:390,36
DA:393,10
DA:395,6
DA:397,31
DA:398,29
DA:399,6
DA:400,4
DA:401,6
DA:402,6
DA:406,5
DA:407,54
DA:409,6
DA:410,3
DA:412,39
DA:414,37
DA:415,6
DA:417,20
DA:420,6
DA:421,55
DA:423,6
DA:425,39
DA:427,40
DA:428,7
DA:430,2
DA:432,28
DA:433,6
DA:434,6
DA:435,6
DA:439,5
DA:440,61
DA:442,6
DA:444,39
DA:446,42
DA:447,7
DA:450,11
DA:451,5
DA:454,2
DA:455,4
DA:457,6
DA:458,5
DA:460,28
DA:461,28
DA:462,4
DA:463,6
DA:471,4
DA:472,38
DA:474,9
DA:475,8
DA:477,14
DA:481,16
DA:482,9
DA:483,36
DA:484,42
DA:485,23
DA:489,72
DA:493,29
end_of_record

SF:/Users/admin/Desktop/credit_rail/contracts/test/fuzz/echidna/EchidnaTest.sol
DA:14,1535
DA:18,26
DA:26,18
DA:31,18
DA:36,18
DA:41,27
DA:46,36
DA:51,18
DA:56,10
DA:61,18
DA:66,18
DA:71,18
DA:76,15
DA:86,28
DA:105,309
DA:106,74
DA:107,114
DA:108,6
DA:115,109
DA:122,30
DA:123,115
DA:124,75
DA:125,8
DA:132,30
DA:133,33
DA:134,48
DA:135,33
DA:136,32
DA:137,3
DA:144,30
DA:145,30
DA:148,35
DA:150,30
DA:151,44
DA:152,11
DA:155,41
DA:162,30
DA:164,47
DA:165,34
DA:166,34
DA:168,88
DA:170,7
DA:173,71
DA:174,3
DA:182,30
DA:184,48
DA:185,34
DA:186,32
DA:188,41
DA:195,30
DA:197,38
DA:198,73
DA:206,30
DA:207,35
DA:209,27
DA:210,35
DA:213,18
DA:214,1
DA:215,7
DA:219,16
DA:220,2
DA:221,7
DA:225,8
DA:226,11
DA:235,30
DA:238,45
DA:239,42
DA:240,40
DA:247,30
DA:248,36
DA:250,20
DA:251,1
DA:252,40
DA:260,36
DA:261,35
DA:263,14
DA:264,42
DA:266,9
DA:267,8
DA:269,8
DA:270,8
DA:280,0
DA:283,0
DA:285,0
end_of_record

SF:/Users/admin/Desktop/credit_rail/contracts/test/mocks/MockLoanProofVerifier.sol
DA:4,116
DA:9,1
end_of_record

