TN:
SF:/Users/admin/Desktop/credit_rail/contracts/lib/openzeppelin-contracts/contracts/access/Ownable.sol
DA:1,0
DA:39,3
DA:40,0
DA:48,45
DA:57,1
DA:63,2
DA:64,3
DA:65,0
DA:85,0
DA:86,0
DA:98,3
end_of_record

SF:/Users/admin/Desktop/credit_rail/contracts/lib/openzeppelin-contracts/contracts/interfaces/IERC1363.sol
end_of_record

SF:/Users/admin/Desktop/credit_rail/contracts/lib/openzeppelin-contracts/contracts/interfaces/IERC165.sol
end_of_record

SF:/Users/admin/Desktop/credit_rail/contracts/lib/openzeppelin-contracts/contracts/interfaces/IERC20.sol
end_of_record

SF:/Users/admin/Desktop/credit_rail/contracts/lib/openzeppelin-contracts/contracts/interfaces/draft-IERC6093.sol
end_of_record

SF:/Users/admin/Desktop/credit_rail/contracts/lib/openzeppelin-contracts/contracts/mocks/token/ERC20Mock.sol
DA:6,575
end_of_record

SF:/Users/admin/Desktop/credit_rail/contracts/lib/openzeppelin-contracts/contracts/token/ERC20/ERC20.sol
DA:45,4
DA:53,0
DA:78,0
DA:83,0
DA:101,4
DA:145,7
DA:159,2
DA:160,13
DA:163,4
DA:179,2
DA:182,5
DA:183,0
DA:194,0
DA:203,2
DA:215,4
DA:216,0
DA:230,0
DA:231,0
DA:274,7
DA:275,0
DA:277,7
DA:278,0
DA:282,3
DA:296,8
DA:297,5
DA:298,0
end_of_record

SF:/Users/admin/Desktop/credit_rail/contracts/lib/openzeppelin-contracts/contracts/token/ERC20/IERC20.sol
end_of_record

SF:/Users/admin/Desktop/credit_rail/contracts/lib/openzeppelin-contracts/contracts/token/ERC20/extensions/IERC20Metadata.sol
end_of_record

SF:/Users/admin/Desktop/credit_rail/contracts/lib/openzeppelin-contracts/contracts/token/ERC20/utils/SafeERC20.sol
DA:18,0
DA:33,5
DA:34,4
DA:35,0
DA:43,5
DA:44,4
DA:45,0
DA:177,4
DA:179,25
DA:221,38
end_of_record

SF:/Users/admin/Desktop/credit_rail/contracts/lib/openzeppelin-contracts/contracts/utils/Context.sol
DA:18,9
end_of_record

SF:/Users/admin/Desktop/credit_rail/contracts/lib/openzeppelin-contracts/contracts/utils/ReentrancyGuard.sol
DA:37,1
DA:51,2
DA:69,9
DA:89,2
DA:90,0
DA:94,2
DA:113,1
end_of_record

SF:/Users/admin/Desktop/credit_rail/contracts/lib/openzeppelin-contracts/contracts/utils/StorageSlot.sol
DA:34,0
end_of_record

SF:/Users/admin/Desktop/credit_rail/contracts/lib/openzeppelin-contracts/contracts/utils/introspection/IERC165.sol
end_of_record

SF:/Users/admin/Desktop/credit_rail/contracts/src/CreditPolicy.sol
DA:10,1769
DA:27,42
DA:32,2
DA:33,5
DA:37,35
DA:41,4
DA:42,12
DA:43,0
DA:47,40
DA:51,2
DA:52,4
DA:65,1
DA:81,0
DA:93,0
DA:111,0
DA:112,0
DA:113,2
DA:123,0
DA:139,0
DA:152,0
DA:157,0
DA:158,0
DA:160,0
DA:161,0
DA:162,0
DA:163,0
DA:164,0
DA:165,0
DA:204,2
DA:212,4
DA:213,0
DA:215,2
DA:216,0
DA:220,1
DA:221,2
DA:222,2
DA:228,4
DA:229,0
DA:231,3
DA:232,0
DA:234,2
DA:235,35
DA:236,2
DA:237,2
DA:238,2
DA:239,2
DA:240,2
DA:242,0
DA:244,4
DA:245,0
DA:249,2
DA:250,2
DA:256,0
DA:257,0
DA:258,0
DA:268,2
DA:269,2
DA:270,1
DA:271,2
DA:281,1
DA:282,2
DA:283,1
DA:284,2
DA:294,1
DA:295,2
DA:296,1
DA:297,2
DA:307,1
DA:308,2
DA:309,1
DA:310,2
DA:320,1
DA:321,2
DA:322,1
DA:323,2
DA:334,6
DA:335,0
DA:337,2
DA:339,8
DA:342,1
DA:343,2
DA:344,2
DA:354,0
DA:355,0
DA:357,0
DA:358,0
DA:359,0
DA:366,0
DA:367,0
DA:369,0
DA:370,0
DA:371,0
DA:382,1
DA:383,1
DA:384,2
DA:386,5
DA:390,0
DA:391,0
DA:395,0
DA:401,0
DA:416,4
DA:417,0
DA:420,3
DA:431,1
end_of_record

SF:/Users/admin/Desktop/credit_rail/contracts/src/LoanEngine.sol
DA:12,2357
DA:56,5
DA:57,0
DA:67,4
DA:68,0
DA:78,5
DA:79,0
DA:89,4
DA:90,0
DA:98,0
DA:99,0
DA:100,0
DA:102,0
DA:105,0
DA:108,0
DA:110,0
DA:111,1
DA:112,0
DA:113,0
DA:114,0
DA:200,5
DA:202,1
DA:203,1
DA:204,1
DA:205,1
DA:227,9
DA:228,0
DA:231,36
DA:232,0
DA:235,36
DA:236,0
DA:239,36
DA:240,0
DA:243,6
DA:244,4
DA:247,47
DA:248,0
DA:251,2
DA:252,41
DA:253,40
DA:255,0
DA:258,23
DA:259,0
DA:267,7
DA:268,0
DA:275,37
DA:276,0
DA:279,89
DA:303,2
DA:308,1
DA:332,7
DA:333,0
DA:335,6
DA:336,9
DA:337,3
DA:338,13
DA:339,1
DA:341,5
DA:342,4
DA:346,43
DA:347,0
DA:350,10
DA:351,37
DA:358,3
DA:360,3
DA:362,4
DA:383,8
DA:384,0
DA:387,4
DA:388,5
DA:389,0
DA:392,7
DA:395,1
DA:397,2
DA:398,4
DA:402,2
DA:403,18
DA:408,6
DA:409,6
DA:411,15
DA:416,4
DA:417,7
DA:418,5
DA:420,5
DA:421,0
DA:423,4
DA:427,33
DA:429,4
DA:433,1
DA:436,2
DA:437,0
DA:447,6
DA:448,0
DA:450,5
DA:452,3
DA:458,7
DA:459,0
DA:461,4
DA:462,3
DA:463,5
DA:464,0
DA:470,31
DA:471,3
DA:480,7
DA:481,0
DA:483,4
DA:484,0
DA:486,9
DA:487,1
DA:489,2
DA:490,4
DA:492,29
DA:493,3
DA:496,3
DA:498,3
DA:499,8
DA:500,0
DA:502,12
DA:503,7
DA:505,0
DA:508,9
DA:509,4
DA:510,1
DA:512,8
DA:513,7
DA:514,2
DA:515,9
DA:516,4
DA:518,6
DA:519,3
DA:520,26
DA:534,0
DA:541,2
DA:548,3
DA:555,2
DA:562,2
DA:570,1
end_of_record

SF:/Users/admin/Desktop/credit_rail/contracts/src/TranchePool.sol
DA:7,2128
DA:103,0
DA:104,0
DA:107,0
DA:109,0
DA:123,1
DA:128,1
DA:134,1
DA:135,0
DA:139,0
DA:140,0
DA:143,0
DA:144,0
DA:148,0
DA:150,0
DA:151,0
DA:153,0
DA:154,0
DA:155,4
DA:157,1
DA:158,1
DA:161,1
DA:163,1
DA:164,1
DA:166,3
DA:170,1
DA:175,8
DA:179,3
DA:180,3
DA:181,0
DA:186,20
DA:187,3
DA:190,3
DA:191,5
DA:192,0
DA:197,4
DA:201,3
DA:202,4
DA:203,0
DA:207,4
DA:208,2
DA:209,4
DA:210,1
DA:211,1
DA:216,7
DA:219,3
DA:220,0
DA:222,4
DA:225,5
DA:226,0
DA:232,14
DA:233,0
DA:245,1
DA:247,2
DA:248,5
DA:251,5
DA:252,6
DA:253,4
DA:254,2
DA:255,6
DA:256,3
DA:260,1
DA:266,7
DA:267,3
DA:268,0
DA:270,5
DA:271,0
DA:274,14
DA:275,0
DA:283,1
DA:285,2
DA:286,5
DA:289,4
DA:290,6
DA:291,4
DA:292,2
DA:293,6
DA:295,3
DA:299,1
DA:305,7
DA:306,3
DA:309,5
DA:313,14
DA:322,1
DA:324,2
DA:325,5
DA:327,5
DA:328,6
DA:329,4
DA:330,2
DA:331,6
DA:333,3
DA:337,1
DA:351,1
DA:352,3
DA:353,20
DA:355,0
DA:358,6
DA:361,16
DA:362,3
DA:363,3
DA:365,4
DA:369,6
DA:370,1
DA:372,6
DA:373,1
DA:375,14
DA:377,6
DA:379,8
DA:381,8
DA:383,14
DA:385,5
DA:388,9
DA:389,0
DA:391,0
DA:393,0
DA:394,0
DA:398,9
DA:399,0
DA:401,0
DA:403,0
DA:404,0
DA:408,9
DA:409,0
DA:411,0
DA:413,0
DA:414,0
DA:418,3
DA:422,7
DA:423,2
DA:424,2
DA:427,4
DA:428,4
DA:429,4
DA:431,6
DA:432,6
DA:433,6
DA:435,6
DA:437,8
DA:438,5
DA:441,2
DA:445,1
DA:450,3
DA:454,1
DA:455,4
DA:457,6
DA:458,4
DA:459,12
DA:467,1
DA:468,15
DA:469,0
DA:476,1
DA:477,6
DA:480,2
DA:481,12
DA:482,3
DA:483,0
DA:485,0
DA:487,0
DA:489,0
DA:490,0
DA:491,0
DA:495,2
DA:496,13
DA:497,3
DA:498,0
DA:500,0
DA:502,0
DA:504,0
DA:505,0
DA:506,0
DA:510,12
DA:511,6
DA:512,6
DA:513,7
DA:515,11
DA:516,2
DA:519,0
DA:521,0
DA:522,0
DA:526,0
DA:535,14
DA:536,1
DA:539,12
DA:540,0
DA:542,0
DA:544,0
DA:545,0
DA:546,0
DA:550,15
DA:551,0
DA:553,0
DA:555,0
DA:556,0
DA:557,0
DA:561,17
DA:562,4
DA:564,2
DA:566,6
DA:567,6
DA:568,5
DA:572,2
DA:573,0
DA:586,2
DA:587,9
DA:588,0
DA:596,1
DA:599,14
DA:600,0
DA:602,0
DA:604,0
DA:605,0
DA:609,15
DA:610,0
DA:612,1
DA:614,1
DA:615,2
DA:625,6
DA:626,1
DA:628,1
DA:629,1
DA:630,1
DA:633,17
DA:634,9
DA:635,8
DA:636,6
DA:637,4
DA:641,9
DA:642,0
DA:643,0
DA:644,0
DA:645,0
DA:649,8
DA:650,0
DA:651,0
DA:652,0
DA:653,0
DA:656,3
DA:657,0
DA:660,10
DA:665,1
DA:666,4
DA:670,6
DA:671,1
DA:674,3
DA:675,0
DA:676,0
DA:677,0
DA:678,0
DA:682,14
DA:683,0
DA:684,0
DA:685,0
DA:686,0
DA:690,17
DA:691,5
DA:692,2
DA:693,4
DA:694,3
DA:698,7
DA:699,6
DA:702,3
DA:707,0
DA:708,0
DA:710,0
DA:712,0
DA:714,0
DA:718,0
DA:720,0
DA:724,0
DA:725,0
DA:727,0
DA:729,0
DA:731,0
DA:735,0
DA:737,0
DA:742,0
DA:744,0
DA:745,0
DA:747,0
DA:749,0
DA:751,0
DA:752,0
DA:757,1
DA:769,0
DA:770,0
DA:773,0
DA:775,0
DA:780,0
DA:782,0
DA:787,0
DA:788,0
DA:790,0
DA:794,0
DA:798,0
DA:803,0
DA:804,0
DA:805,0
DA:806,0
DA:810,0
DA:824,0
DA:825,0
DA:830,0
DA:834,0
DA:838,0
DA:840,0
DA:844,0
DA:845,0
DA:847,0
DA:850,0
DA:854,0
DA:855,0
DA:856,0
DA:857,0
DA:861,0
DA:871,0
DA:872,0
DA:875,0
DA:877,0
DA:880,0
DA:883,0
DA:884,0
DA:888,0
DA:889,0
DA:891,0
DA:894,0
DA:897,0
DA:904,0
DA:918,0
DA:919,0
DA:922,0
DA:923,0
DA:925,0
DA:926,0
DA:929,0
DA:931,0
DA:932,0
DA:935,0
DA:936,0
DA:940,0
DA:944,0
DA:948,0
DA:955,0
DA:969,0
DA:970,0
DA:973,0
DA:977,0
DA:981,0
DA:983,0
DA:987,0
DA:991,0
DA:994,0
DA:998,0
DA:1005,0
DA:1015,0
DA:1016,0
DA:1017,0
DA:1019,0
DA:1023,0
DA:1024,0
DA:1027,0
DA:1029,0
DA:1033,0
DA:1034,0
DA:1037,0
DA:1040,0
DA:1044,0
DA:1045,0
DA:1046,0
DA:1047,0
DA:1049,0
DA:1051,4
DA:1055,0
DA:1062,0
DA:1065,0
DA:1067,0
DA:1074,2
DA:1077,0
DA:1079,1
DA:1083,0
DA:1086,0
DA:1088,0
DA:1096,0
DA:1097,0
DA:1099,0
DA:1105,0
DA:1106,0
DA:1108,0
DA:1114,0
DA:1117,0
DA:1123,0
DA:1124,0
DA:1125,0
DA:1126,0
DA:1132,0
DA:1133,0
DA:1134,0
DA:1135,0
DA:1139,0
DA:1140,0
DA:1142,0
DA:1146,0
DA:1147,0
DA:1149,0
DA:1153,7
DA:1154,0
DA:1157,7
DA:1158,6
DA:1159,0
DA:1165,8
DA:1169,4
DA:1170,0
DA:1172,1
DA:1178,4
DA:1181,5
DA:1182,0
DA:1184,1
DA:1190,4
DA:1193,5
DA:1196,1
DA:1202,4
DA:1203,0
DA:1205,5
DA:1206,0
DA:1208,1
DA:1212,2
DA:1219,2
DA:1222,1
DA:1223,7
DA:1224,3
DA:1226,4
DA:1233,1
DA:1255,1
DA:1259,1
DA:1267,1
DA:1271,0
DA:1287,1
DA:1297,0
DA:1301,1
DA:1305,1
DA:1313,1
DA:1323,0
DA:1331,1
DA:1335,1
DA:1339,1
DA:1343,1
DA:1354,1
DA:1356,10
DA:1357,1
DA:1358,1
DA:1363,11
DA:1364,1
DA:1365,1
DA:1369,0
DA:1377,1
DA:1393,1
DA:1397,1
end_of_record

SF:/Users/admin/Desktop/credit_rail/contracts/src/interfaces/ICreditPolicy.sol
end_of_record

SF:/Users/admin/Desktop/credit_rail/contracts/src/interfaces/ITranchePool.sol
end_of_record

SF:/Users/admin/Desktop/credit_rail/contracts/src/interfaces/IVerifier.sol
end_of_record

SF:/Users/admin/Desktop/credit_rail/contracts/test/fuzz/echidna/EchidnaHandler.sol
DA:23,2834
DA:30,1
DA:31,0
DA:35,24
DA:38,4
DA:39,4
DA:40,2
DA:41,450
DA:46,26
DA:49,1
DA:57,55
DA:60,45
DA:63,59
DA:66,35
DA:71,33
DA:80,28
DA:83,35
DA:84,28
DA:85,28
DA:86,28
DA:87,28
DA:88,28
DA:91,32
DA:92,32
DA:93,33
DA:96,31
DA:104,52
DA:107,29
DA:110,30
DA:112,26
DA:113,3
DA:114,2
DA:115,2
DA:116,2
DA:123,28
DA:125,6
DA:126,2
DA:127,3
DA:128,1
DA:129,1
DA:134,28
DA:136,2
DA:137,1
DA:138,1
DA:143,28
DA:145,4
DA:146,2
DA:153,28
DA:155,8
DA:165,31
DA:168,20
DA:173,1
DA:175,1
DA:177,1
DA:183,28
DA:185,1
DA:190,28
DA:195,37
DA:196,37
DA:200,31
DA:201,31
DA:204,37
DA:205,37
DA:209,31
DA:210,31
DA:213,37
DA:214,37
DA:218,38
DA:219,28
DA:226,16
DA:227,9
DA:228,36
DA:229,41
DA:230,15
DA:234,64
DA:238,48
DA:245,6
DA:246,53
DA:248,36
DA:249,36
DA:250,41
DA:251,34
DA:253,13
DA:255,0
DA:256,0
DA:258,0
DA:260,6
DA:261,0
DA:264,6
DA:265,53
DA:267,36
DA:268,36
DA:269,41
DA:270,34
DA:272,6
DA:274,0
DA:275,0
DA:277,0
DA:279,0
DA:280,0
DA:283,6
DA:284,53
DA:286,36
DA:287,36
DA:288,41
DA:289,34
DA:291,6
DA:293,0
DA:294,0
DA:296,0
DA:298,0
DA:299,0
DA:306,4
DA:307,50
DA:308,41
DA:310,20
DA:313,3
DA:314,47
DA:315,34
DA:317,15
DA:324,6
DA:325,51
DA:326,17
DA:328,35
DA:329,7
DA:333,3
DA:334,3
DA:338,5
DA:340,5
DA:343,5
DA:350,5
DA:353,39
DA:355,15
DA:356,11
DA:358,9
DA:364,1
DA:373,9
DA:374,77
DA:375,39
DA:377,44
DA:378,7
DA:380,29
DA:381,23
DA:383,48
DA:385,28
DA:386,6
DA:390,16
DA:391,73
DA:392,39
DA:394,44
DA:395,17
DA:398,10
DA:399,8
DA:401,7
DA:402,16
DA:405,35
DA:407,27
DA:408,42
DA:410,37
DA:411,7
DA:412,13
DA:416,4
DA:417,53
DA:418,39
DA:420,37
DA:421,6
DA:423,14
DA:426,5
DA:427,55
DA:428,39
DA:430,40
DA:431,7
DA:433,2
DA:435,28
DA:436,4
DA:440,5
DA:441,61
DA:442,39
DA:444,41
DA:445,7
DA:448,11
DA:449,5
DA:452,1
DA:453,4
DA:455,6
DA:456,5
DA:458,28
DA:459,17
DA:466,8
DA:471,70
DA:472,26
DA:475,44
DA:476,33
DA:480,2
DA:481,13
DA:483,33
DA:485,4
DA:487,3
DA:489,38
DA:492,32
DA:494,0
DA:497,31
DA:500,31
DA:502,0
DA:505,1
DA:506,30
DA:507,22
end_of_record

SF:/Users/admin/Desktop/credit_rail/contracts/test/fuzz/echidna/EchidnaTest.sol
DA:14,1589
DA:18,26
DA:26,18
DA:31,18
DA:36,18
DA:41,27
DA:46,20
DA:51,18
DA:56,10
DA:61,18
DA:66,18
DA:71,18
DA:76,15
DA:81,32
DA:89,28
DA:108,309
DA:109,74
DA:110,114
DA:111,6
DA:118,109
DA:125,30
DA:126,115
DA:127,75
DA:128,8
DA:135,30
DA:136,33
DA:137,48
DA:138,33
DA:139,32
DA:140,3
DA:147,30
DA:148,30
DA:151,35
DA:153,30
DA:154,44
DA:155,11
DA:158,41
DA:165,30
DA:167,47
DA:168,34
DA:169,34
DA:171,88
DA:173,7
DA:176,71
DA:177,3
DA:185,30
DA:187,48
DA:188,34
DA:189,32
DA:191,41
DA:198,30
DA:200,38
DA:201,73
DA:209,30
DA:210,35
DA:212,27
DA:213,35
DA:216,18
DA:217,1
DA:218,7
DA:222,16
DA:223,2
DA:224,7
DA:228,8
DA:229,11
DA:238,30
DA:241,45
DA:242,42
DA:243,40
DA:250,30
DA:251,36
DA:253,20
DA:254,1
DA:255,40
DA:263,36
DA:264,35
DA:266,14
DA:267,42
DA:269,6
DA:270,0
DA:272,8
DA:273,8
DA:283,0
DA:286,0
DA:288,0
end_of_record

SF:/Users/admin/Desktop/credit_rail/contracts/test/mocks/MockLoanProofVerifier.sol
DA:4,116
DA:9,1
end_of_record

